<?xml version="1.0" encoding="UTF-8"?>
<testsuite xmlns:xsi="http://www.w3.org/2001/XMLSchema-instance" xsi:noNamespaceSchemaLocation="https://maven.apache.org/surefire/maven-surefire-plugin/xsd/surefire-test-report-3.0.xsd" version="3.0" name="com.delivery.controller.AuthControllerHttpTest" time="9.719" tests="3" errors="0" skipped="0" failures="0">
  <properties>
    <property name="java.specification.version" value="17"/>
    <property name="sun.cpu.isalist" value="amd64"/>
    <property name="sun.jnu.encoding" value="UTF-8"/>
    <property name="java.class.path" value="C:\Users\Striker\OneDrive - Australian National University\桌面\ANU\25S1\iDash\backend\target\test-classes;C:\Users\Striker\OneDrive - Australian National University\桌面\ANU\25S1\iDash\backend\target\classes;C:\Users\Striker\.m2\repository\org\springframework\boot\spring-boot-starter-web\3.2.3\spring-boot-starter-web-3.2.3.jar;C:\Users\Striker\.m2\repository\org\springframework\boot\spring-boot-starter\3.2.3\spring-boot-starter-3.2.3.jar;C:\Users\Striker\.m2\repository\org\springframework\boot\spring-boot\3.2.3\spring-boot-3.2.3.jar;C:\Users\Striker\.m2\repository\org\springframework\boot\spring-boot-autoconfigure\3.2.3\spring-boot-autoconfigure-3.2.3.jar;C:\Users\Striker\.m2\repository\org\springframework\boot\spring-boot-starter-logging\3.2.3\spring-boot-starter-logging-3.2.3.jar;C:\Users\Striker\.m2\repository\ch\qos\logback\logback-classic\1.4.14\logback-classic-1.4.14.jar;C:\Users\Striker\.m2\repository\ch\qos\logback\logback-core\1.4.14\logback-core-1.4.14.jar;C:\Users\Striker\.m2\repository\org\apache\logging\log4j\log4j-to-slf4j\2.21.1\log4j-to-slf4j-2.21.1.jar;C:\Users\Striker\.m2\repository\org\apache\logging\log4j\log4j-api\2.21.1\log4j-api-2.21.1.jar;C:\Users\Striker\.m2\repository\org\slf4j\jul-to-slf4j\2.0.12\jul-to-slf4j-2.0.12.jar;C:\Users\Striker\.m2\repository\jakarta\annotation\jakarta.annotation-api\2.1.1\jakarta.annotation-api-2.1.1.jar;C:\Users\Striker\.m2\repository\org\yaml\snakeyaml\2.2\snakeyaml-2.2.jar;C:\Users\Striker\.m2\repository\org\springframework\boot\spring-boot-starter-json\3.2.3\spring-boot-starter-json-3.2.3.jar;C:\Users\Striker\.m2\repository\com\fasterxml\jackson\datatype\jackson-datatype-jdk8\2.15.4\jackson-datatype-jdk8-2.15.4.jar;C:\Users\Striker\.m2\repository\com\fasterxml\jackson\datatype\jackson-datatype-jsr310\2.15.4\jackson-datatype-jsr310-2.15.4.jar;C:\Users\Striker\.m2\repository\com\fasterxml\jackson\module\jackson-module-parameter-names\2.15.4\jackson-module-parameter-names-2.15.4.jar;C:\Users\Striker\.m2\repository\org\springframework\boot\spring-boot-starter-tomcat\3.2.3\spring-boot-starter-tomcat-3.2.3.jar;C:\Users\Striker\.m2\repository\org\apache\tomcat\embed\tomcat-embed-core\10.1.19\tomcat-embed-core-10.1.19.jar;C:\Users\Striker\.m2\repository\org\apache\tomcat\embed\tomcat-embed-websocket\10.1.19\tomcat-embed-websocket-10.1.19.jar;C:\Users\Striker\.m2\repository\org\springframework\spring-web\6.1.4\spring-web-6.1.4.jar;C:\Users\Striker\.m2\repository\org\springframework\spring-beans\6.1.4\spring-beans-6.1.4.jar;C:\Users\Striker\.m2\repository\io\micrometer\micrometer-observation\1.12.3\micrometer-observation-1.12.3.jar;C:\Users\Striker\.m2\repository\io\micrometer\micrometer-commons\1.12.3\micrometer-commons-1.12.3.jar;C:\Users\Striker\.m2\repository\org\springframework\spring-webmvc\6.1.4\spring-webmvc-6.1.4.jar;C:\Users\Striker\.m2\repository\org\springframework\spring-context\6.1.4\spring-context-6.1.4.jar;C:\Users\Striker\.m2\repository\org\springframework\spring-expression\6.1.4\spring-expression-6.1.4.jar;C:\Users\Striker\.m2\repository\org\springframework\boot\spring-boot-starter-data-jpa\3.2.3\spring-boot-starter-data-jpa-3.2.3.jar;C:\Users\Striker\.m2\repository\org\springframework\boot\spring-boot-starter-aop\3.2.3\spring-boot-starter-aop-3.2.3.jar;C:\Users\Striker\.m2\repository\org\aspectj\aspectjweaver\1.9.21\aspectjweaver-1.9.21.jar;C:\Users\Striker\.m2\repository\org\springframework\boot\spring-boot-starter-jdbc\3.2.3\spring-boot-starter-jdbc-3.2.3.jar;C:\Users\Striker\.m2\repository\com\zaxxer\HikariCP\5.0.1\HikariCP-5.0.1.jar;C:\Users\Striker\.m2\repository\org\springframework\spring-jdbc\6.1.4\spring-jdbc-6.1.4.jar;C:\Users\Striker\.m2\repository\org\hibernate\orm\hibernate-core\6.4.4.Final\hibernate-core-6.4.4.Final.jar;C:\Users\Striker\.m2\repository\jakarta\persistence\jakarta.persistence-api\3.1.0\jakarta.persistence-api-3.1.0.jar;C:\Users\Striker\.m2\repository\jakarta\transaction\jakarta.transaction-api\2.0.1\jakarta.transaction-api-2.0.1.jar;C:\Users\Striker\.m2\repository\org\jboss\logging\jboss-logging\3.5.3.Final\jboss-logging-3.5.3.Final.jar;C:\Users\Striker\.m2\repository\org\hibernate\common\hibernate-commons-annotations\6.0.6.Final\hibernate-commons-annotations-6.0.6.Final.jar;C:\Users\Striker\.m2\repository\io\smallrye\jandex\3.1.2\jandex-3.1.2.jar;C:\Users\Striker\.m2\repository\com\fasterxml\classmate\1.6.0\classmate-1.6.0.jar;C:\Users\Striker\.m2\repository\net\bytebuddy\byte-buddy\1.14.12\byte-buddy-1.14.12.jar;C:\Users\Striker\.m2\repository\org\glassfish\jaxb\jaxb-runtime\4.0.4\jaxb-runtime-4.0.4.jar;C:\Users\Striker\.m2\repository\org\glassfish\jaxb\jaxb-core\4.0.4\jaxb-core-4.0.4.jar;C:\Users\Striker\.m2\repository\org\eclipse\angus\angus-activation\2.0.1\angus-activation-2.0.1.jar;C:\Users\Striker\.m2\repository\org\glassfish\jaxb\txw2\4.0.4\txw2-4.0.4.jar;C:\Users\Striker\.m2\repository\com\sun\istack\istack-commons-runtime\4.1.2\istack-commons-runtime-4.1.2.jar;C:\Users\Striker\.m2\repository\jakarta\inject\jakarta.inject-api\2.0.1\jakarta.inject-api-2.0.1.jar;C:\Users\Striker\.m2\repository\org\antlr\antlr4-runtime\4.13.0\antlr4-runtime-4.13.0.jar;C:\Users\Striker\.m2\repository\org\springframework\data\spring-data-jpa\3.2.3\spring-data-jpa-3.2.3.jar;C:\Users\Striker\.m2\repository\org\springframework\data\spring-data-commons\3.2.3\spring-data-commons-3.2.3.jar;C:\Users\Striker\.m2\repository\org\springframework\spring-orm\6.1.4\spring-orm-6.1.4.jar;C:\Users\Striker\.m2\repository\org\springframework\spring-tx\6.1.4\spring-tx-6.1.4.jar;C:\Users\Striker\.m2\repository\org\springframework\spring-aspects\6.1.4\spring-aspects-6.1.4.jar;C:\Users\Striker\.m2\repository\org\springframework\boot\spring-boot-starter-security\3.2.3\spring-boot-starter-security-3.2.3.jar;C:\Users\Striker\.m2\repository\org\springframework\spring-aop\6.1.4\spring-aop-6.1.4.jar;C:\Users\Striker\.m2\repository\org\springframework\security\spring-security-config\6.2.2\spring-security-config-6.2.2.jar;C:\Users\Striker\.m2\repository\org\springframework\security\spring-security-web\6.2.2\spring-security-web-6.2.2.jar;C:\Users\Striker\.m2\repository\org\springframework\boot\spring-boot-starter-validation\3.2.3\spring-boot-starter-validation-3.2.3.jar;C:\Users\Striker\.m2\repository\org\apache\tomcat\embed\tomcat-embed-el\10.1.19\tomcat-embed-el-10.1.19.jar;C:\Users\Striker\.m2\repository\org\hibernate\validator\hibernate-validator\8.0.1.Final\hibernate-validator-8.0.1.Final.jar;C:\Users\Striker\.m2\repository\jakarta\validation\jakarta.validation-api\3.0.2\jakarta.validation-api-3.0.2.jar;C:\Users\Striker\.m2\repository\org\springframework\boot\spring-boot-starter-data-redis\3.2.3\spring-boot-starter-data-redis-3.2.3.jar;C:\Users\Striker\.m2\repository\io\lettuce\lettuce-core\6.3.1.RELEASE\lettuce-core-6.3.1.RELEASE.jar;C:\Users\Striker\.m2\repository\io\netty\netty-common\4.1.107.Final\netty-common-4.1.107.Final.jar;C:\Users\Striker\.m2\repository\io\netty\netty-handler\4.1.107.Final\netty-handler-4.1.107.Final.jar;C:\Users\Striker\.m2\repository\io\netty\netty-resolver\4.1.107.Final\netty-resolver-4.1.107.Final.jar;C:\Users\Striker\.m2\repository\io\netty\netty-buffer\4.1.107.Final\netty-buffer-4.1.107.Final.jar;C:\Users\Striker\.m2\repository\io\netty\netty-transport-native-unix-common\4.1.107.Final\netty-transport-native-unix-common-4.1.107.Final.jar;C:\Users\Striker\.m2\repository\io\netty\netty-codec\4.1.107.Final\netty-codec-4.1.107.Final.jar;C:\Users\Striker\.m2\repository\io\netty\netty-transport\4.1.107.Final\netty-transport-4.1.107.Final.jar;C:\Users\Striker\.m2\repository\io\projectreactor\reactor-core\3.6.3\reactor-core-3.6.3.jar;C:\Users\Striker\.m2\repository\org\reactivestreams\reactive-streams\1.0.4\reactive-streams-1.0.4.jar;C:\Users\Striker\.m2\repository\org\springframework\data\spring-data-redis\3.2.3\spring-data-redis-3.2.3.jar;C:\Users\Striker\.m2\repository\org\springframework\data\spring-data-keyvalue\3.2.3\spring-data-keyvalue-3.2.3.jar;C:\Users\Striker\.m2\repository\org\springframework\spring-oxm\6.1.4\spring-oxm-6.1.4.jar;C:\Users\Striker\.m2\repository\org\springframework\spring-context-support\6.1.4\spring-context-support-6.1.4.jar;C:\Users\Striker\.m2\repository\com\mysql\mysql-connector-j\8.3.0\mysql-connector-j-8.3.0.jar;C:\Users\Striker\.m2\repository\com\h2database\h2\2.2.224\h2-2.2.224.jar;C:\Users\Striker\.m2\repository\io\jsonwebtoken\jjwt-api\0.11.5\jjwt-api-0.11.5.jar;C:\Users\Striker\.m2\repository\io\jsonwebtoken\jjwt-impl\0.11.5\jjwt-impl-0.11.5.jar;C:\Users\Striker\.m2\repository\io\jsonwebtoken\jjwt-jackson\0.11.5\jjwt-jackson-0.11.5.jar;C:\Users\Striker\.m2\repository\com\fasterxml\jackson\core\jackson-databind\2.15.4\jackson-databind-2.15.4.jar;C:\Users\Striker\.m2\repository\com\fasterxml\jackson\core\jackson-annotations\2.15.4\jackson-annotations-2.15.4.jar;C:\Users\Striker\.m2\repository\com\fasterxml\jackson\core\jackson-core\2.15.4\jackson-core-2.15.4.jar;C:\Users\Striker\.m2\repository\com\googlecode\libphonenumber\libphonenumber\8.13.25\libphonenumber-8.13.25.jar;C:\Users\Striker\.m2\repository\org\projectlombok\lombok\1.18.30\lombok-1.18.30.jar;C:\Users\Striker\.m2\repository\org\mapstruct\mapstruct\1.5.5.Final\mapstruct-1.5.5.Final.jar;C:\Users\Striker\.m2\repository\org\springframework\boot\spring-boot-starter-test\3.2.3\spring-boot-starter-test-3.2.3.jar;C:\Users\Striker\.m2\repository\org\springframework\boot\spring-boot-test\3.2.3\spring-boot-test-3.2.3.jar;C:\Users\Striker\.m2\repository\org\springframework\boot\spring-boot-test-autoconfigure\3.2.3\spring-boot-test-autoconfigure-3.2.3.jar;C:\Users\Striker\.m2\repository\com\jayway\jsonpath\json-path\2.9.0\json-path-2.9.0.jar;C:\Users\Striker\.m2\repository\jakarta\xml\bind\jakarta.xml.bind-api\4.0.1\jakarta.xml.bind-api-4.0.1.jar;C:\Users\Striker\.m2\repository\jakarta\activation\jakarta.activation-api\2.1.2\jakarta.activation-api-2.1.2.jar;C:\Users\Striker\.m2\repository\net\minidev\json-smart\2.5.0\json-smart-2.5.0.jar;C:\Users\Striker\.m2\repository\net\minidev\accessors-smart\2.5.0\accessors-smart-2.5.0.jar;C:\Users\Striker\.m2\repository\org\ow2\asm\asm\9.3\asm-9.3.jar;C:\Users\Striker\.m2\repository\org\assertj\assertj-core\3.24.2\assertj-core-3.24.2.jar;C:\Users\Striker\.m2\repository\org\awaitility\awaitility\4.2.0\awaitility-4.2.0.jar;C:\Users\Striker\.m2\repository\org\hamcrest\hamcrest\2.2\hamcrest-2.2.jar;C:\Users\Striker\.m2\repository\org\junit\jupiter\junit-jupiter\5.10.2\junit-jupiter-5.10.2.jar;C:\Users\Striker\.m2\repository\org\junit\jupiter\junit-jupiter-api\5.10.2\junit-jupiter-api-5.10.2.jar;C:\Users\Striker\.m2\repository\org\opentest4j\opentest4j\1.3.0\opentest4j-1.3.0.jar;C:\Users\Striker\.m2\repository\org\junit\platform\junit-platform-commons\1.10.2\junit-platform-commons-1.10.2.jar;C:\Users\Striker\.m2\repository\org\apiguardian\apiguardian-api\1.1.2\apiguardian-api-1.1.2.jar;C:\Users\Striker\.m2\repository\org\junit\jupiter\junit-jupiter-params\5.10.2\junit-jupiter-params-5.10.2.jar;C:\Users\Striker\.m2\repository\org\junit\jupiter\junit-jupiter-engine\5.10.2\junit-jupiter-engine-5.10.2.jar;C:\Users\Striker\.m2\repository\org\junit\platform\junit-platform-engine\1.10.2\junit-platform-engine-1.10.2.jar;C:\Users\Striker\.m2\repository\org\mockito\mockito-core\5.7.0\mockito-core-5.7.0.jar;C:\Users\Striker\.m2\repository\net\bytebuddy\byte-buddy-agent\1.14.12\byte-buddy-agent-1.14.12.jar;C:\Users\Striker\.m2\repository\org\objenesis\objenesis\3.3\objenesis-3.3.jar;C:\Users\Striker\.m2\repository\org\mockito\mockito-junit-jupiter\5.7.0\mockito-junit-jupiter-5.7.0.jar;C:\Users\Striker\.m2\repository\org\skyscreamer\jsonassert\1.5.1\jsonassert-1.5.1.jar;C:\Users\Striker\.m2\repository\com\vaadin\external\google\android-json\0.0.20131108.vaadin1\android-json-0.0.20131108.vaadin1.jar;C:\Users\Striker\.m2\repository\org\springframework\spring-core\6.1.4\spring-core-6.1.4.jar;C:\Users\Striker\.m2\repository\org\springframework\spring-jcl\6.1.4\spring-jcl-6.1.4.jar;C:\Users\Striker\.m2\repository\org\springframework\spring-test\6.1.4\spring-test-6.1.4.jar;C:\Users\Striker\.m2\repository\org\xmlunit\xmlunit-core\2.9.1\xmlunit-core-2.9.1.jar;C:\Users\Striker\.m2\repository\org\springframework\security\spring-security-test\6.2.2\spring-security-test-6.2.2.jar;C:\Users\Striker\.m2\repository\org\springframework\security\spring-security-core\6.2.2\spring-security-core-6.2.2.jar;C:\Users\Striker\.m2\repository\org\springframework\security\spring-security-crypto\6.2.2\spring-security-crypto-6.2.2.jar;C:\Users\Striker\.m2\repository\org\testcontainers\testcontainers\1.19.3\testcontainers-1.19.3.jar;C:\Users\Striker\.m2\repository\junit\junit\4.13.2\junit-4.13.2.jar;C:\Users\Striker\.m2\repository\org\hamcrest\hamcrest-core\2.2\hamcrest-core-2.2.jar;C:\Users\Striker\.m2\repository\org\slf4j\slf4j-api\2.0.12\slf4j-api-2.0.12.jar;C:\Users\Striker\.m2\repository\org\apache\commons\commons-compress\1.24.0\commons-compress-1.24.0.jar;C:\Users\Striker\.m2\repository\org\rnorth\duct-tape\duct-tape\1.0.8\duct-tape-1.0.8.jar;C:\Users\Striker\.m2\repository\org\jetbrains\annotations\17.0.0\annotations-17.0.0.jar;C:\Users\Striker\.m2\repository\com\github\docker-java\docker-java-api\3.3.4\docker-java-api-3.3.4.jar;C:\Users\Striker\.m2\repository\com\github\docker-java\docker-java-transport-zerodep\3.3.4\docker-java-transport-zerodep-3.3.4.jar;C:\Users\Striker\.m2\repository\com\github\docker-java\docker-java-transport\3.3.4\docker-java-transport-3.3.4.jar;C:\Users\Striker\.m2\repository\net\java\dev\jna\jna\5.13.0\jna-5.13.0.jar;"/>
    <property name="java.vm.vendor" value="Oracle Corporation"/>
    <property name="sun.arch.data.model" value="64"/>
    <property name="user.variant" value=""/>
    <property name="catalina.useNaming" value="false"/>
    <property name="java.vendor.url" value="https://java.oracle.com/"/>
    <property name="user.timezone" value="Australia/Sydney"/>
    <property name="org.jboss.logging.provider" value="slf4j"/>
    <property name="os.name" value="Windows 11"/>
    <property name="java.vm.specification.version" value="17"/>
    <property name="sun.java.launcher" value="SUN_STANDARD"/>
    <property name="user.country" value="CN"/>
    <property name="sun.boot.library.path" value="C:\Program Files\Java\jdk-17\bin"/>
    <property name="sun.java.command" value="C:\Users\Striker\AppData\Local\Temp\surefire17962983805852269556\surefirebooter-20250304160822972_3.jar C:\Users\Striker\AppData\Local\Temp\surefire17962983805852269556 2025-03-04T16-08-22_742-jvmRun1 surefire-20250304160822972_1tmp surefire_0-20250304160822972_2tmp"/>
    <property name="jdk.debug" value="release"/>
    <property name="surefire.test.class.path" value="C:\Users\Striker\OneDrive - Australian National University\桌面\ANU\25S1\iDash\backend\target\test-classes;C:\Users\Striker\OneDrive - Australian National University\桌面\ANU\25S1\iDash\backend\target\classes;C:\Users\Striker\.m2\repository\org\springframework\boot\spring-boot-starter-web\3.2.3\spring-boot-starter-web-3.2.3.jar;C:\Users\Striker\.m2\repository\org\springframework\boot\spring-boot-starter\3.2.3\spring-boot-starter-3.2.3.jar;C:\Users\Striker\.m2\repository\org\springframework\boot\spring-boot\3.2.3\spring-boot-3.2.3.jar;C:\Users\Striker\.m2\repository\org\springframework\boot\spring-boot-autoconfigure\3.2.3\spring-boot-autoconfigure-3.2.3.jar;C:\Users\Striker\.m2\repository\org\springframework\boot\spring-boot-starter-logging\3.2.3\spring-boot-starter-logging-3.2.3.jar;C:\Users\Striker\.m2\repository\ch\qos\logback\logback-classic\1.4.14\logback-classic-1.4.14.jar;C:\Users\Striker\.m2\repository\ch\qos\logback\logback-core\1.4.14\logback-core-1.4.14.jar;C:\Users\Striker\.m2\repository\org\apache\logging\log4j\log4j-to-slf4j\2.21.1\log4j-to-slf4j-2.21.1.jar;C:\Users\Striker\.m2\repository\org\apache\logging\log4j\log4j-api\2.21.1\log4j-api-2.21.1.jar;C:\Users\Striker\.m2\repository\org\slf4j\jul-to-slf4j\2.0.12\jul-to-slf4j-2.0.12.jar;C:\Users\Striker\.m2\repository\jakarta\annotation\jakarta.annotation-api\2.1.1\jakarta.annotation-api-2.1.1.jar;C:\Users\Striker\.m2\repository\org\yaml\snakeyaml\2.2\snakeyaml-2.2.jar;C:\Users\Striker\.m2\repository\org\springframework\boot\spring-boot-starter-json\3.2.3\spring-boot-starter-json-3.2.3.jar;C:\Users\Striker\.m2\repository\com\fasterxml\jackson\datatype\jackson-datatype-jdk8\2.15.4\jackson-datatype-jdk8-2.15.4.jar;C:\Users\Striker\.m2\repository\com\fasterxml\jackson\datatype\jackson-datatype-jsr310\2.15.4\jackson-datatype-jsr310-2.15.4.jar;C:\Users\Striker\.m2\repository\com\fasterxml\jackson\module\jackson-module-parameter-names\2.15.4\jackson-module-parameter-names-2.15.4.jar;C:\Users\Striker\.m2\repository\org\springframework\boot\spring-boot-starter-tomcat\3.2.3\spring-boot-starter-tomcat-3.2.3.jar;C:\Users\Striker\.m2\repository\org\apache\tomcat\embed\tomcat-embed-core\10.1.19\tomcat-embed-core-10.1.19.jar;C:\Users\Striker\.m2\repository\org\apache\tomcat\embed\tomcat-embed-websocket\10.1.19\tomcat-embed-websocket-10.1.19.jar;C:\Users\Striker\.m2\repository\org\springframework\spring-web\6.1.4\spring-web-6.1.4.jar;C:\Users\Striker\.m2\repository\org\springframework\spring-beans\6.1.4\spring-beans-6.1.4.jar;C:\Users\Striker\.m2\repository\io\micrometer\micrometer-observation\1.12.3\micrometer-observation-1.12.3.jar;C:\Users\Striker\.m2\repository\io\micrometer\micrometer-commons\1.12.3\micrometer-commons-1.12.3.jar;C:\Users\Striker\.m2\repository\org\springframework\spring-webmvc\6.1.4\spring-webmvc-6.1.4.jar;C:\Users\Striker\.m2\repository\org\springframework\spring-context\6.1.4\spring-context-6.1.4.jar;C:\Users\Striker\.m2\repository\org\springframework\spring-expression\6.1.4\spring-expression-6.1.4.jar;C:\Users\Striker\.m2\repository\org\springframework\boot\spring-boot-starter-data-jpa\3.2.3\spring-boot-starter-data-jpa-3.2.3.jar;C:\Users\Striker\.m2\repository\org\springframework\boot\spring-boot-starter-aop\3.2.3\spring-boot-starter-aop-3.2.3.jar;C:\Users\Striker\.m2\repository\org\aspectj\aspectjweaver\1.9.21\aspectjweaver-1.9.21.jar;C:\Users\Striker\.m2\repository\org\springframework\boot\spring-boot-starter-jdbc\3.2.3\spring-boot-starter-jdbc-3.2.3.jar;C:\Users\Striker\.m2\repository\com\zaxxer\HikariCP\5.0.1\HikariCP-5.0.1.jar;C:\Users\Striker\.m2\repository\org\springframework\spring-jdbc\6.1.4\spring-jdbc-6.1.4.jar;C:\Users\Striker\.m2\repository\org\hibernate\orm\hibernate-core\6.4.4.Final\hibernate-core-6.4.4.Final.jar;C:\Users\Striker\.m2\repository\jakarta\persistence\jakarta.persistence-api\3.1.0\jakarta.persistence-api-3.1.0.jar;C:\Users\Striker\.m2\repository\jakarta\transaction\jakarta.transaction-api\2.0.1\jakarta.transaction-api-2.0.1.jar;C:\Users\Striker\.m2\repository\org\jboss\logging\jboss-logging\3.5.3.Final\jboss-logging-3.5.3.Final.jar;C:\Users\Striker\.m2\repository\org\hibernate\common\hibernate-commons-annotations\6.0.6.Final\hibernate-commons-annotations-6.0.6.Final.jar;C:\Users\Striker\.m2\repository\io\smallrye\jandex\3.1.2\jandex-3.1.2.jar;C:\Users\Striker\.m2\repository\com\fasterxml\classmate\1.6.0\classmate-1.6.0.jar;C:\Users\Striker\.m2\repository\net\bytebuddy\byte-buddy\1.14.12\byte-buddy-1.14.12.jar;C:\Users\Striker\.m2\repository\org\glassfish\jaxb\jaxb-runtime\4.0.4\jaxb-runtime-4.0.4.jar;C:\Users\Striker\.m2\repository\org\glassfish\jaxb\jaxb-core\4.0.4\jaxb-core-4.0.4.jar;C:\Users\Striker\.m2\repository\org\eclipse\angus\angus-activation\2.0.1\angus-activation-2.0.1.jar;C:\Users\Striker\.m2\repository\org\glassfish\jaxb\txw2\4.0.4\txw2-4.0.4.jar;C:\Users\Striker\.m2\repository\com\sun\istack\istack-commons-runtime\4.1.2\istack-commons-runtime-4.1.2.jar;C:\Users\Striker\.m2\repository\jakarta\inject\jakarta.inject-api\2.0.1\jakarta.inject-api-2.0.1.jar;C:\Users\Striker\.m2\repository\org\antlr\antlr4-runtime\4.13.0\antlr4-runtime-4.13.0.jar;C:\Users\Striker\.m2\repository\org\springframework\data\spring-data-jpa\3.2.3\spring-data-jpa-3.2.3.jar;C:\Users\Striker\.m2\repository\org\springframework\data\spring-data-commons\3.2.3\spring-data-commons-3.2.3.jar;C:\Users\Striker\.m2\repository\org\springframework\spring-orm\6.1.4\spring-orm-6.1.4.jar;C:\Users\Striker\.m2\repository\org\springframework\spring-tx\6.1.4\spring-tx-6.1.4.jar;C:\Users\Striker\.m2\repository\org\springframework\spring-aspects\6.1.4\spring-aspects-6.1.4.jar;C:\Users\Striker\.m2\repository\org\springframework\boot\spring-boot-starter-security\3.2.3\spring-boot-starter-security-3.2.3.jar;C:\Users\Striker\.m2\repository\org\springframework\spring-aop\6.1.4\spring-aop-6.1.4.jar;C:\Users\Striker\.m2\repository\org\springframework\security\spring-security-config\6.2.2\spring-security-config-6.2.2.jar;C:\Users\Striker\.m2\repository\org\springframework\security\spring-security-web\6.2.2\spring-security-web-6.2.2.jar;C:\Users\Striker\.m2\repository\org\springframework\boot\spring-boot-starter-validation\3.2.3\spring-boot-starter-validation-3.2.3.jar;C:\Users\Striker\.m2\repository\org\apache\tomcat\embed\tomcat-embed-el\10.1.19\tomcat-embed-el-10.1.19.jar;C:\Users\Striker\.m2\repository\org\hibernate\validator\hibernate-validator\8.0.1.Final\hibernate-validator-8.0.1.Final.jar;C:\Users\Striker\.m2\repository\jakarta\validation\jakarta.validation-api\3.0.2\jakarta.validation-api-3.0.2.jar;C:\Users\Striker\.m2\repository\org\springframework\boot\spring-boot-starter-data-redis\3.2.3\spring-boot-starter-data-redis-3.2.3.jar;C:\Users\Striker\.m2\repository\io\lettuce\lettuce-core\6.3.1.RELEASE\lettuce-core-6.3.1.RELEASE.jar;C:\Users\Striker\.m2\repository\io\netty\netty-common\4.1.107.Final\netty-common-4.1.107.Final.jar;C:\Users\Striker\.m2\repository\io\netty\netty-handler\4.1.107.Final\netty-handler-4.1.107.Final.jar;C:\Users\Striker\.m2\repository\io\netty\netty-resolver\4.1.107.Final\netty-resolver-4.1.107.Final.jar;C:\Users\Striker\.m2\repository\io\netty\netty-buffer\4.1.107.Final\netty-buffer-4.1.107.Final.jar;C:\Users\Striker\.m2\repository\io\netty\netty-transport-native-unix-common\4.1.107.Final\netty-transport-native-unix-common-4.1.107.Final.jar;C:\Users\Striker\.m2\repository\io\netty\netty-codec\4.1.107.Final\netty-codec-4.1.107.Final.jar;C:\Users\Striker\.m2\repository\io\netty\netty-transport\4.1.107.Final\netty-transport-4.1.107.Final.jar;C:\Users\Striker\.m2\repository\io\projectreactor\reactor-core\3.6.3\reactor-core-3.6.3.jar;C:\Users\Striker\.m2\repository\org\reactivestreams\reactive-streams\1.0.4\reactive-streams-1.0.4.jar;C:\Users\Striker\.m2\repository\org\springframework\data\spring-data-redis\3.2.3\spring-data-redis-3.2.3.jar;C:\Users\Striker\.m2\repository\org\springframework\data\spring-data-keyvalue\3.2.3\spring-data-keyvalue-3.2.3.jar;C:\Users\Striker\.m2\repository\org\springframework\spring-oxm\6.1.4\spring-oxm-6.1.4.jar;C:\Users\Striker\.m2\repository\org\springframework\spring-context-support\6.1.4\spring-context-support-6.1.4.jar;C:\Users\Striker\.m2\repository\com\mysql\mysql-connector-j\8.3.0\mysql-connector-j-8.3.0.jar;C:\Users\Striker\.m2\repository\com\h2database\h2\2.2.224\h2-2.2.224.jar;C:\Users\Striker\.m2\repository\io\jsonwebtoken\jjwt-api\0.11.5\jjwt-api-0.11.5.jar;C:\Users\Striker\.m2\repository\io\jsonwebtoken\jjwt-impl\0.11.5\jjwt-impl-0.11.5.jar;C:\Users\Striker\.m2\repository\io\jsonwebtoken\jjwt-jackson\0.11.5\jjwt-jackson-0.11.5.jar;C:\Users\Striker\.m2\repository\com\fasterxml\jackson\core\jackson-databind\2.15.4\jackson-databind-2.15.4.jar;C:\Users\Striker\.m2\repository\com\fasterxml\jackson\core\jackson-annotations\2.15.4\jackson-annotations-2.15.4.jar;C:\Users\Striker\.m2\repository\com\fasterxml\jackson\core\jackson-core\2.15.4\jackson-core-2.15.4.jar;C:\Users\Striker\.m2\repository\com\googlecode\libphonenumber\libphonenumber\8.13.25\libphonenumber-8.13.25.jar;C:\Users\Striker\.m2\repository\org\projectlombok\lombok\1.18.30\lombok-1.18.30.jar;C:\Users\Striker\.m2\repository\org\mapstruct\mapstruct\1.5.5.Final\mapstruct-1.5.5.Final.jar;C:\Users\Striker\.m2\repository\org\springframework\boot\spring-boot-starter-test\3.2.3\spring-boot-starter-test-3.2.3.jar;C:\Users\Striker\.m2\repository\org\springframework\boot\spring-boot-test\3.2.3\spring-boot-test-3.2.3.jar;C:\Users\Striker\.m2\repository\org\springframework\boot\spring-boot-test-autoconfigure\3.2.3\spring-boot-test-autoconfigure-3.2.3.jar;C:\Users\Striker\.m2\repository\com\jayway\jsonpath\json-path\2.9.0\json-path-2.9.0.jar;C:\Users\Striker\.m2\repository\jakarta\xml\bind\jakarta.xml.bind-api\4.0.1\jakarta.xml.bind-api-4.0.1.jar;C:\Users\Striker\.m2\repository\jakarta\activation\jakarta.activation-api\2.1.2\jakarta.activation-api-2.1.2.jar;C:\Users\Striker\.m2\repository\net\minidev\json-smart\2.5.0\json-smart-2.5.0.jar;C:\Users\Striker\.m2\repository\net\minidev\accessors-smart\2.5.0\accessors-smart-2.5.0.jar;C:\Users\Striker\.m2\repository\org\ow2\asm\asm\9.3\asm-9.3.jar;C:\Users\Striker\.m2\repository\org\assertj\assertj-core\3.24.2\assertj-core-3.24.2.jar;C:\Users\Striker\.m2\repository\org\awaitility\awaitility\4.2.0\awaitility-4.2.0.jar;C:\Users\Striker\.m2\repository\org\hamcrest\hamcrest\2.2\hamcrest-2.2.jar;C:\Users\Striker\.m2\repository\org\junit\jupiter\junit-jupiter\5.10.2\junit-jupiter-5.10.2.jar;C:\Users\Striker\.m2\repository\org\junit\jupiter\junit-jupiter-api\5.10.2\junit-jupiter-api-5.10.2.jar;C:\Users\Striker\.m2\repository\org\opentest4j\opentest4j\1.3.0\opentest4j-1.3.0.jar;C:\Users\Striker\.m2\repository\org\junit\platform\junit-platform-commons\1.10.2\junit-platform-commons-1.10.2.jar;C:\Users\Striker\.m2\repository\org\apiguardian\apiguardian-api\1.1.2\apiguardian-api-1.1.2.jar;C:\Users\Striker\.m2\repository\org\junit\jupiter\junit-jupiter-params\5.10.2\junit-jupiter-params-5.10.2.jar;C:\Users\Striker\.m2\repository\org\junit\jupiter\junit-jupiter-engine\5.10.2\junit-jupiter-engine-5.10.2.jar;C:\Users\Striker\.m2\repository\org\junit\platform\junit-platform-engine\1.10.2\junit-platform-engine-1.10.2.jar;C:\Users\Striker\.m2\repository\org\mockito\mockito-core\5.7.0\mockito-core-5.7.0.jar;C:\Users\Striker\.m2\repository\net\bytebuddy\byte-buddy-agent\1.14.12\byte-buddy-agent-1.14.12.jar;C:\Users\Striker\.m2\repository\org\objenesis\objenesis\3.3\objenesis-3.3.jar;C:\Users\Striker\.m2\repository\org\mockito\mockito-junit-jupiter\5.7.0\mockito-junit-jupiter-5.7.0.jar;C:\Users\Striker\.m2\repository\org\skyscreamer\jsonassert\1.5.1\jsonassert-1.5.1.jar;C:\Users\Striker\.m2\repository\com\vaadin\external\google\android-json\0.0.20131108.vaadin1\android-json-0.0.20131108.vaadin1.jar;C:\Users\Striker\.m2\repository\org\springframework\spring-core\6.1.4\spring-core-6.1.4.jar;C:\Users\Striker\.m2\repository\org\springframework\spring-jcl\6.1.4\spring-jcl-6.1.4.jar;C:\Users\Striker\.m2\repository\org\springframework\spring-test\6.1.4\spring-test-6.1.4.jar;C:\Users\Striker\.m2\repository\org\xmlunit\xmlunit-core\2.9.1\xmlunit-core-2.9.1.jar;C:\Users\Striker\.m2\repository\org\springframework\security\spring-security-test\6.2.2\spring-security-test-6.2.2.jar;C:\Users\Striker\.m2\repository\org\springframework\security\spring-security-core\6.2.2\spring-security-core-6.2.2.jar;C:\Users\Striker\.m2\repository\org\springframework\security\spring-security-crypto\6.2.2\spring-security-crypto-6.2.2.jar;C:\Users\Striker\.m2\repository\org\testcontainers\testcontainers\1.19.3\testcontainers-1.19.3.jar;C:\Users\Striker\.m2\repository\junit\junit\4.13.2\junit-4.13.2.jar;C:\Users\Striker\.m2\repository\org\hamcrest\hamcrest-core\2.2\hamcrest-core-2.2.jar;C:\Users\Striker\.m2\repository\org\slf4j\slf4j-api\2.0.12\slf4j-api-2.0.12.jar;C:\Users\Striker\.m2\repository\org\apache\commons\commons-compress\1.24.0\commons-compress-1.24.0.jar;C:\Users\Striker\.m2\repository\org\rnorth\duct-tape\duct-tape\1.0.8\duct-tape-1.0.8.jar;C:\Users\Striker\.m2\repository\org\jetbrains\annotations\17.0.0\annotations-17.0.0.jar;C:\Users\Striker\.m2\repository\com\github\docker-java\docker-java-api\3.3.4\docker-java-api-3.3.4.jar;C:\Users\Striker\.m2\repository\com\github\docker-java\docker-java-transport-zerodep\3.3.4\docker-java-transport-zerodep-3.3.4.jar;C:\Users\Striker\.m2\repository\com\github\docker-java\docker-java-transport\3.3.4\docker-java-transport-3.3.4.jar;C:\Users\Striker\.m2\repository\net\java\dev\jna\jna\5.13.0\jna-5.13.0.jar;"/>
    <property name="sun.cpu.endian" value="little"/>
    <property name="user.home" value="C:\Users\Striker"/>
    <property name="user.language" value="zh"/>
    <property name="java.specification.vendor" value="Oracle Corporation"/>
    <property name="java.version.date" value="2023-07-18"/>
    <property name="java.home" value="C:\Program Files\Java\jdk-17"/>
    <property name="file.separator" value="\"/>
    <property name="basedir" value="C:\Users\Striker\OneDrive - Australian National University\桌面\ANU\25S1\iDash\backend"/>
    <property name="java.vm.compressedOopsMode" value="Zero based"/>
    <property name="line.separator" value="&#10;"/>
    <property name="java.vm.specification.vendor" value="Oracle Corporation"/>
    <property name="java.specification.name" value="Java Platform API Specification"/>
    <property name="FILE_LOG_CHARSET" value="UTF-8"/>
    <property name="java.awt.headless" value="true"/>
    <property name="surefire.real.class.path" value="C:\Users\Striker\AppData\Local\Temp\surefire17962983805852269556\surefirebooter-20250304160822972_3.jar"/>
    <property name="user.script" value=""/>
    <property name="sun.management.compiler" value="HotSpot 64-Bit Tiered Compilers"/>
    <property name="java.runtime.version" value="17.0.8+9-LTS-211"/>
    <property name="user.name" value="Striker"/>
    <property name="path.separator" value=";"/>
    <property name="os.version" value="10.0"/>
    <property name="java.runtime.name" value="Java(TM) SE Runtime Environment"/>
    <property name="file.encoding" value="UTF-8"/>
    <property name="java.vm.name" value="Java HotSpot(TM) 64-Bit Server VM"/>
    <property name="localRepository" value="C:\Users\Striker\.m2\repository"/>
    <property name="java.vendor.url.bug" value="https://bugreport.java.com/bugreport/"/>
    <property name="java.io.tmpdir" value="C:\Users\Striker\AppData\Local\Temp\"/>
    <property name="catalina.home" value="C:\Users\Striker\AppData\Local\Temp\tomcat.0.4573774953730287785"/>
    <property name="com.zaxxer.hikari.pool_number" value="1"/>
    <property name="java.version" value="17.0.8"/>
    <property name="user.dir" value="C:\Users\Striker\OneDrive - Australian National University\桌面\ANU\25S1\iDash\backend"/>
    <property name="os.arch" value="amd64"/>
    <property name="java.vm.specification.name" value="Java Virtual Machine Specification"/>
    <property name="PID" value="42664"/>
    <property name="sun.os.patch.level" value=""/>
    <property name="CONSOLE_LOG_CHARSET" value="UTF-8"/>
    <property name="catalina.base" value="C:\Users\Striker\AppData\Local\Temp\tomcat.0.4573774953730287785"/>
    <property name="native.encoding" value="UTF-8"/>
    <property name="java.library.path" value="C:\Program Files\Java\jdk-17\bin;C:\WINDOWS\Sun\Java\bin;C:\WINDOWS\system32;C:\WINDOWS;C:\Python313\Scripts\;C:\Python313\;c:\Users\Striker\AppData\Local\Programs\cursor\resources\app\bin;C:\Program Files (x86)\VMware\VMware Workstation\bin\;C:\Program Files\NVIDIA GPU Computing Toolkit\CUDA\v12.3\bin;C:\Program Files\NVIDIA GPU Computing Toolkit\CUDA\v12.3\libnvvp;C:\windows\system32;C:\windows;C:\windows\System32\Wbem;C:\windows\System32\WindowsPowerShell\v1.0\;C:\windows\System32\OpenSSH\;C:\Program Files (x86)\NVIDIA Corporation\PhysX\Common;C:\Program Files\NVIDIA Corporation\NVIDIA NvDLISR;C:\Users\Administrator\AppData\Local\Microsoft\WindowsApps;C:\Program Files\HP\OMEN-Broadcast\Common;C:\Program Files\Git\cmd;C:\Program Files\Java\jdk-17\bin;C:\Program Files\dotnet\;C:\Program Files\TortoiseSVN\bin;C:\Program Files\Git\bin\Git LFS;C:\Program Files\NVIDIA Corporation\Nsight Compute 2023.3.1\;C:\ProgramData\chocolatey\bin;C:\Portable Application\ffmpeg\bin;C:\Portable Application\pandoc-3.4;C:\Program Files\CMake\bin;C:\Program Files\Ninja;C:\Program Files\mingw64\bin;C:\WINDOWS\system32;C:\WINDOWS;C:\WINDOWS\System32\Wbem;C:\WIN;c:\Users\Striker\AppData\Local\Programs\cursor\resources\app\bin;C:\Program Files\nodejs\;C:\Program Files\Apache\maven\bin;C:\Program Files\Apache\maven\bin;C:\Program Files\MySQL\MySQL Server 9.2\bin;C:\Users\Striker\anaconda3;C:\Users\Striker\anaconda3\Library\mingw-w64\bin;C:\Users\Striker\anaconda3\Library\usr\bin;C:\Users\Striker\anaconda3\Library\bin;C:\Users\Striker\anaconda3\Scripts;C:\Users\Striker\AppData\Local\Microsoft\WindowsApps;C:\Program Files\JetBrains\IntelliJ IDEA Community Edition 2023.1.4\bin;;C:\Program Files\JetBrains\PyCharm Community Edition 2023.2\bin;;C:\Users\Striker\AppData\Local\Programs\Microsoft VS Code\bin;C:\Users\Striker\AppData\Local\GitHubDesktop\bin;C:\Program Files\NVIDIA GPU Computing Toolkit\CUDA\v12.3\bin;C:\Program Files\NVIDIA GPU Computing Toolkit\CUDA\v12.3\include;C:\Program Files\NVIDIA GPU Computing Toolkit\CUDA\v12.3\lib;C:\Program Files\NVIDIA GPU Computing Toolkit\CUDA\v12.3\libnvvp;C:\texlive\2023\bin\windows;C:\Program Files\CMake\bin;C:\Program Files\Ninja;C:\Program Files\mingw64\bin;C:\Users\Striker\.julia\juliaup\julia-1.11.1+0.x64.w64.mingw32\bin;C:\Users\Striker\AppData\Local\Programs\cursor\resources\app\bin;C:\Users\Striker\AppData\Roaming\npm;."/>
    <property name="java.vm.info" value="mixed mode, sharing"/>
    <property name="java.vendor" value="Oracle Corporation"/>
    <property name="java.vm.version" value="17.0.8+9-LTS-211"/>
    <property name="sun.io.unicode.encoding" value="UnicodeLittle"/>
    <property name="java.class.version" value="61.0"/>
    <property name="LOGGED_APPLICATION_NAME" value="[delivery-platform] "/>
  </properties>
  <testcase name="testRegisterWithGlobalPhoneNumbers" classname="com.delivery.controller.AuthControllerHttpTest" time="2.529">
    <system-out><![CDATA[16:08:23.911 [main] INFO org.springframework.test.context.support.AnnotationConfigContextLoaderUtils -- Could not detect default configuration classes for test class [com.delivery.controller.AuthControllerHttpTest]: AuthControllerHttpTest does not declare any static, non-private, non-final, nested classes annotated with @Configuration.
16:08:24.050 [main] INFO org.springframework.boot.test.context.SpringBootTestContextBootstrapper -- Found @SpringBootConfiguration com.delivery.DeliveryPlatformApplication for test class com.delivery.controller.AuthControllerHttpTest

  .   ____          _            __ _ _
 /\\ / ___'_ __ _ _(_)_ __  __ _ \ \ \ \
( ( )\___ | '_ | '_| | '_ \/ _` | \ \ \ \
 \\/  ___)| |_)| | | | | || (_| |  ) ) ) )
  '  |____| .__|_| |_|_| |_\__, | / / / /
 =========|_|==============|___/=/_/_/_/
 :: Spring Boot ::                (v3.2.3)

2025-03-04T16:08:24.610+11:00  INFO 42664 --- [delivery-platform] [           main] c.d.controller.AuthControllerHttpTest    : Starting AuthControllerHttpTest using Java 17.0.8 with PID 42664 (started by Striker in C:\Users\Striker\OneDrive - Australian National University\桌面\ANU\25S1\iDash\backend)
2025-03-04T16:08:24.611+11:00 DEBUG 42664 --- [delivery-platform] [           main] c.d.controller.AuthControllerHttpTest    : Running with Spring Boot v3.2.3, Spring v6.1.4
2025-03-04T16:08:24.612+11:00  INFO 42664 --- [delivery-platform] [           main] c.d.controller.AuthControllerHttpTest    : The following 1 profile is active: "test"
2025-03-04T16:08:25.630+11:00  INFO 42664 --- [delivery-platform] [           main] .s.d.r.c.RepositoryConfigurationDelegate : Multiple Spring Data modules found, entering strict repository configuration mode
2025-03-04T16:08:25.632+11:00  INFO 42664 --- [delivery-platform] [           main] .s.d.r.c.RepositoryConfigurationDelegate : Bootstrapping Spring Data JPA repositories in DEFAULT mode.
2025-03-04T16:08:25.797+11:00  INFO 42664 --- [delivery-platform] [           main] .s.d.r.c.RepositoryConfigurationDelegate : Finished Spring Data repository scanning in 157 ms. Found 1 JPA repository interface.
2025-03-04T16:08:25.823+11:00  INFO 42664 --- [delivery-platform] [           main] .s.d.r.c.RepositoryConfigurationDelegate : Multiple Spring Data modules found, entering strict repository configuration mode
2025-03-04T16:08:25.826+11:00  INFO 42664 --- [delivery-platform] [           main] .s.d.r.c.RepositoryConfigurationDelegate : Bootstrapping Spring Data Redis repositories in DEFAULT mode.
2025-03-04T16:08:25.843+11:00  INFO 42664 --- [delivery-platform] [           main] .RepositoryConfigurationExtensionSupport : Spring Data Redis - Could not safely identify store assignment for repository candidate interface com.delivery.repository.UserRepository; If you want this repository to be a Redis repository, consider annotating your entities with one of these annotations: org.springframework.data.redis.core.RedisHash (preferred), or consider extending one of the following types with your repository: org.springframework.data.keyvalue.repository.KeyValueRepository
2025-03-04T16:08:25.843+11:00  INFO 42664 --- [delivery-platform] [           main] .s.d.r.c.RepositoryConfigurationDelegate : Finished Spring Data repository scanning in 10 ms. Found 0 Redis repository interfaces.
2025-03-04T16:08:26.693+11:00  INFO 42664 --- [delivery-platform] [           main] o.s.b.w.embedded.tomcat.TomcatWebServer  : Tomcat initialized with port 0 (http)
2025-03-04T16:08:26.705+11:00  INFO 42664 --- [delivery-platform] [           main] o.apache.catalina.core.StandardService   : Starting service [Tomcat]
2025-03-04T16:08:26.705+11:00  INFO 42664 --- [delivery-platform] [           main] o.apache.catalina.core.StandardEngine    : Starting Servlet engine: [Apache Tomcat/10.1.19]
2025-03-04T16:08:26.789+11:00  INFO 42664 --- [delivery-platform] [           main] o.a.c.c.C.[Tomcat].[localhost].[/api]    : Initializing Spring embedded WebApplicationContext
2025-03-04T16:08:26.790+11:00  INFO 42664 --- [delivery-platform] [           main] w.s.c.ServletWebServerApplicationContext : Root WebApplicationContext: initialization completed in 2148 ms
2025-03-04T16:08:26.832+11:00  INFO 42664 --- [delivery-platform] [           main] com.zaxxer.hikari.HikariDataSource       : HikariPool-1 - Starting...
2025-03-04T16:08:27.066+11:00  INFO 42664 --- [delivery-platform] [           main] com.zaxxer.hikari.pool.HikariPool        : HikariPool-1 - Added connection conn0: url=jdbc:h2:mem:testdb user=SA
2025-03-04T16:08:27.069+11:00  INFO 42664 --- [delivery-platform] [           main] com.zaxxer.hikari.HikariDataSource       : HikariPool-1 - Start completed.
2025-03-04T16:08:27.083+11:00  INFO 42664 --- [delivery-platform] [           main] o.s.b.a.h2.H2ConsoleAutoConfiguration    : H2 console available at '/h2-console'. Database available at 'jdbc:h2:mem:testdb'
2025-03-04T16:08:27.228+11:00  INFO 42664 --- [delivery-platform] [           main] o.hibernate.jpa.internal.util.LogHelper  : HHH000204: Processing PersistenceUnitInfo [name: default]
2025-03-04T16:08:27.306+11:00  INFO 42664 --- [delivery-platform] [           main] org.hibernate.Version                    : HHH000412: Hibernate ORM core version 6.4.4.Final
2025-03-04T16:08:27.353+11:00  INFO 42664 --- [delivery-platform] [           main] o.h.c.internal.RegionFactoryInitiator    : HHH000026: Second-level cache disabled
2025-03-04T16:08:27.654+11:00  INFO 42664 --- [delivery-platform] [           main] o.s.o.j.p.SpringPersistenceUnitInfo      : No LoadTimeWeaver setup: ignoring JPA class transformer
2025-03-04T16:08:27.708+11:00  WARN 42664 --- [delivery-platform] [           main] org.hibernate.orm.deprecation            : HHH90000025: H2Dialect does not need to be specified explicitly using 'hibernate.dialect' (remove the property setting and it will be selected by default)
2025-03-04T16:08:28.638+11:00  INFO 42664 --- [delivery-platform] [           main] o.h.e.t.j.p.i.JtaPlatformInitiator       : HHH000489: No JTA platform available (set 'hibernate.transaction.jta.platform' to enable JTA platform integration)
2025-03-04T16:08:28.652+11:00 DEBUG 42664 --- [delivery-platform] [           main] org.hibernate.SQL                        : 
    drop table if exists users cascade 
Hibernate: 
    drop table if exists users cascade 
2025-03-04T16:08:28.661+11:00 DEBUG 42664 --- [delivery-platform] [           main] org.hibernate.SQL                        : 
    create table users (
        enabled boolean not null,
        is_available boolean,
        created_at timestamp(6),
        id bigint generated by default as identity,
        updated_at timestamp(6),
        avatar varchar(255),
        business_license varchar(255),
        current_location varchar(255),
        email varchar(255),
        id_card_number varchar(255),
        merchant_address varchar(255),
        merchant_name varchar(255),
        name varchar(255),
        password varchar(255) not null,
        phone_number varchar(255) not null unique,
        role varchar(255) not null check (role in ('CUSTOMER','MERCHANT','RIDER','FRANCHISEE','ADMIN')),
        vehicle_number varchar(255),
        vehicle_type varchar(255),
        primary key (id)
    )
Hibernate: 
    create table users (
        enabled boolean not null,
        is_available boolean,
        created_at timestamp(6),
        id bigint generated by default as identity,
        updated_at timestamp(6),
        avatar varchar(255),
        business_license varchar(255),
        current_location varchar(255),
        email varchar(255),
        id_card_number varchar(255),
        merchant_address varchar(255),
        merchant_name varchar(255),
        name varchar(255),
        password varchar(255) not null,
        phone_number varchar(255) not null unique,
        role varchar(255) not null check (role in ('CUSTOMER','MERCHANT','RIDER','FRANCHISEE','ADMIN')),
        vehicle_number varchar(255),
        vehicle_type varchar(255),
        primary key (id)
    )
2025-03-04T16:08:28.680+11:00  INFO 42664 --- [delivery-platform] [           main] j.LocalContainerEntityManagerFactoryBean : Initialized JPA EntityManagerFactory for persistence unit 'default'
2025-03-04T16:08:29.063+11:00 DEBUG 42664 --- [delivery-platform] [           main] c.d.security.JwtAuthenticationFilter     : Filter 'jwtAuthenticationFilter' configured for use
2025-03-04T16:08:29.180+11:00  WARN 42664 --- [delivery-platform] [           main] JpaBaseConfiguration$JpaWebConfiguration : spring.jpa.open-in-view is enabled by default. Therefore, database queries may be performed during view rendering. Explicitly configure spring.jpa.open-in-view to disable this warning
2025-03-04T16:08:29.498+11:00  INFO 42664 --- [delivery-platform] [           main] o.s.s.web.DefaultSecurityFilterChain     : Will secure any request with [org.springframework.security.web.session.DisableEncodeUrlFilter@48463900, org.springframework.security.web.context.request.async.WebAsyncManagerIntegrationFilter@5834298c, org.springframework.security.web.context.SecurityContextHolderFilter@7959fbe3, org.springframework.security.web.header.HeaderWriterFilter@123a21ad, org.springframework.web.filter.CorsFilter@7c070e78, org.springframework.security.web.authentication.logout.LogoutFilter@f6b128b, com.delivery.security.JwtAuthenticationFilter@7c8cea05, org.springframework.security.web.savedrequest.RequestCacheAwareFilter@3dfe520, org.springframework.security.web.servletapi.SecurityContextHolderAwareRequestFilter@42516ce2, org.springframework.security.web.authentication.AnonymousAuthenticationFilter@63ead376, org.springframework.security.web.session.SessionManagementFilter@586a9fe1, org.springframework.security.web.access.ExceptionTranslationFilter@6812708d, org.springframework.security.web.access.intercept.AuthorizationFilter@7c7d83ff]
2025-03-04T16:08:30.100+11:00  INFO 42664 --- [delivery-platform] [           main] o.s.b.w.embedded.tomcat.TomcatWebServer  : Tomcat started on port 64355 (http) with context path '/api'
2025-03-04T16:08:30.111+11:00  INFO 42664 --- [delivery-platform] [           main] c.d.controller.AuthControllerHttpTest    : Started AuthControllerHttpTest in 5.892 seconds (process running for 6.993)
2025-03-04T16:08:30.808+11:00  INFO 42664 --- [delivery-platform] [o-auto-1-exec-1] o.a.c.c.C.[Tomcat].[localhost].[/api]    : Initializing Spring DispatcherServlet 'dispatcherServlet'
2025-03-04T16:08:30.808+11:00  INFO 42664 --- [delivery-platform] [o-auto-1-exec-1] o.s.web.servlet.DispatcherServlet        : Initializing Servlet 'dispatcherServlet'
2025-03-04T16:08:30.810+11:00  INFO 42664 --- [delivery-platform] [o-auto-1-exec-1] o.s.web.servlet.DispatcherServlet        : Completed initialization in 2 ms
2025-03-04T16:08:30.836+11:00 DEBUG 42664 --- [delivery-platform] [o-auto-1-exec-1] o.s.security.web.FilterChainProxy        : Securing POST /api/auth/register
2025-03-04T16:08:30.844+11:00 DEBUG 42664 --- [delivery-platform] [o-auto-1-exec-1] o.s.s.w.a.AnonymousAuthenticationFilter  : Set SecurityContextHolder to anonymous SecurityContext
2025-03-04T16:08:30.846+11:00 DEBUG 42664 --- [delivery-platform] [o-auto-1-exec-1] o.s.security.web.FilterChainProxy        : Secured POST /api/auth/register
2025-03-04T16:08:31.165+11:00 DEBUG 42664 --- [delivery-platform] [o-auto-1-exec-1] org.hibernate.SQL                        : 
    select
        u1_0.id 
    from
        users u1_0 
    where
        u1_0.phone_number=? 
    fetch
        first ? rows only
Hibernate: 
    select
        u1_0.id 
    from
        users u1_0 
    where
        u1_0.phone_number=? 
    fetch
        first ? rows only
2025-03-04T16:08:31.317+11:00 DEBUG 42664 --- [delivery-platform] [o-auto-1-exec-1] org.hibernate.SQL                        : 
    insert 
    into
        users
        (avatar, business_license, created_at, current_location, email, enabled, id_card_number, is_available, merchant_address, merchant_name, name, password, phone_number, role, updated_at, vehicle_number, vehicle_type, id) 
    values
        (?, ?, ?, ?, ?, ?, ?, ?, ?, ?, ?, ?, ?, ?, ?, ?, ?, default)
Hibernate: 
    insert 
    into
        users
        (avatar, business_license, created_at, current_location, email, enabled, id_card_number, is_available, merchant_address, merchant_name, name, password, phone_number, role, updated_at, vehicle_number, vehicle_type, id) 
    values
        (?, ?, ?, ?, ?, ?, ?, ?, ?, ?, ?, ?, ?, ?, ?, ?, ?, default)
2025-03-04T16:08:31.428+11:00 DEBUG 42664 --- [delivery-platform] [o-auto-1-exec-1] org.hibernate.SQL                        : 
    select
        u1_0.id,
        u1_0.avatar,
        u1_0.business_license,
        u1_0.created_at,
        u1_0.current_location,
        u1_0.email,
        u1_0.enabled,
        u1_0.id_card_number,
        u1_0.is_available,
        u1_0.merchant_address,
        u1_0.merchant_name,
        u1_0.name,
        u1_0.password,
        u1_0.phone_number,
        u1_0.role,
        u1_0.updated_at,
        u1_0.vehicle_number,
        u1_0.vehicle_type 
    from
        users u1_0 
    where
        u1_0.phone_number=?
Hibernate: 
    select
        u1_0.id,
        u1_0.avatar,
        u1_0.business_license,
        u1_0.created_at,
        u1_0.current_location,
        u1_0.email,
        u1_0.enabled,
        u1_0.id_card_number,
        u1_0.is_available,
        u1_0.merchant_address,
        u1_0.merchant_name,
        u1_0.name,
        u1_0.password,
        u1_0.phone_number,
        u1_0.role,
        u1_0.updated_at,
        u1_0.vehicle_number,
        u1_0.vehicle_type 
    from
        users u1_0 
    where
        u1_0.phone_number=?
2025-03-04T16:08:31.514+11:00 DEBUG 42664 --- [delivery-platform] [o-auto-1-exec-1] o.s.s.a.dao.DaoAuthenticationProvider    : Authenticated user
2025-03-04T16:08:31.568+11:00 DEBUG 42664 --- [delivery-platform] [o-auto-1-exec-4] o.s.security.web.FilterChainProxy        : Securing POST /api/auth/register
2025-03-04T16:08:31.568+11:00 DEBUG 42664 --- [delivery-platform] [o-auto-1-exec-4] o.s.s.w.a.AnonymousAuthenticationFilter  : Set SecurityContextHolder to anonymous SecurityContext
2025-03-04T16:08:31.568+11:00 DEBUG 42664 --- [delivery-platform] [o-auto-1-exec-4] o.s.security.web.FilterChainProxy        : Secured POST /api/auth/register
2025-03-04T16:08:31.573+11:00 DEBUG 42664 --- [delivery-platform] [o-auto-1-exec-4] org.hibernate.SQL                        : 
    select
        u1_0.id 
    from
        users u1_0 
    where
        u1_0.phone_number=? 
    fetch
        first ? rows only
Hibernate: 
    select
        u1_0.id 
    from
        users u1_0 
    where
        u1_0.phone_number=? 
    fetch
        first ? rows only
2025-03-04T16:08:31.655+11:00 DEBUG 42664 --- [delivery-platform] [o-auto-1-exec-4] org.hibernate.SQL                        : 
    insert 
    into
        users
        (avatar, business_license, created_at, current_location, email, enabled, id_card_number, is_available, merchant_address, merchant_name, name, password, phone_number, role, updated_at, vehicle_number, vehicle_type, id) 
    values
        (?, ?, ?, ?, ?, ?, ?, ?, ?, ?, ?, ?, ?, ?, ?, ?, ?, default)
Hibernate: 
    insert 
    into
        users
        (avatar, business_license, created_at, current_location, email, enabled, id_card_number, is_available, merchant_address, merchant_name, name, password, phone_number, role, updated_at, vehicle_number, vehicle_type, id) 
    values
        (?, ?, ?, ?, ?, ?, ?, ?, ?, ?, ?, ?, ?, ?, ?, ?, ?, default)
2025-03-04T16:08:31.658+11:00 DEBUG 42664 --- [delivery-platform] [o-auto-1-exec-4] org.hibernate.SQL                        : 
    select
        u1_0.id,
        u1_0.avatar,
        u1_0.business_license,
        u1_0.created_at,
        u1_0.current_location,
        u1_0.email,
        u1_0.enabled,
        u1_0.id_card_number,
        u1_0.is_available,
        u1_0.merchant_address,
        u1_0.merchant_name,
        u1_0.name,
        u1_0.password,
        u1_0.phone_number,
        u1_0.role,
        u1_0.updated_at,
        u1_0.vehicle_number,
        u1_0.vehicle_type 
    from
        users u1_0 
    where
        u1_0.phone_number=?
Hibernate: 
    select
        u1_0.id,
        u1_0.avatar,
        u1_0.business_license,
        u1_0.created_at,
        u1_0.current_location,
        u1_0.email,
        u1_0.enabled,
        u1_0.id_card_number,
        u1_0.is_available,
        u1_0.merchant_address,
        u1_0.merchant_name,
        u1_0.name,
        u1_0.password,
        u1_0.phone_number,
        u1_0.role,
        u1_0.updated_at,
        u1_0.vehicle_number,
        u1_0.vehicle_type 
    from
        users u1_0 
    where
        u1_0.phone_number=?
2025-03-04T16:08:31.739+11:00 DEBUG 42664 --- [delivery-platform] [o-auto-1-exec-4] o.s.s.a.dao.DaoAuthenticationProvider    : Authenticated user
2025-03-04T16:08:31.745+11:00 DEBUG 42664 --- [delivery-platform] [o-auto-1-exec-5] o.s.security.web.FilterChainProxy        : Securing POST /api/auth/register
2025-03-04T16:08:31.745+11:00 DEBUG 42664 --- [delivery-platform] [o-auto-1-exec-5] o.s.s.w.a.AnonymousAuthenticationFilter  : Set SecurityContextHolder to anonymous SecurityContext
2025-03-04T16:08:31.745+11:00 DEBUG 42664 --- [delivery-platform] [o-auto-1-exec-5] o.s.security.web.FilterChainProxy        : Secured POST /api/auth/register
2025-03-04T16:08:31.750+11:00 DEBUG 42664 --- [delivery-platform] [o-auto-1-exec-5] org.hibernate.SQL                        : 
    select
        u1_0.id 
    from
        users u1_0 
    where
        u1_0.phone_number=? 
    fetch
        first ? rows only
Hibernate: 
    select
        u1_0.id 
    from
        users u1_0 
    where
        u1_0.phone_number=? 
    fetch
        first ? rows only
2025-03-04T16:08:31.834+11:00 DEBUG 42664 --- [delivery-platform] [o-auto-1-exec-5] org.hibernate.SQL                        : 
    insert 
    into
        users
        (avatar, business_license, created_at, current_location, email, enabled, id_card_number, is_available, merchant_address, merchant_name, name, password, phone_number, role, updated_at, vehicle_number, vehicle_type, id) 
    values
        (?, ?, ?, ?, ?, ?, ?, ?, ?, ?, ?, ?, ?, ?, ?, ?, ?, default)
Hibernate: 
    insert 
    into
        users
        (avatar, business_license, created_at, current_location, email, enabled, id_card_number, is_available, merchant_address, merchant_name, name, password, phone_number, role, updated_at, vehicle_number, vehicle_type, id) 
    values
        (?, ?, ?, ?, ?, ?, ?, ?, ?, ?, ?, ?, ?, ?, ?, ?, ?, default)
2025-03-04T16:08:31.837+11:00 DEBUG 42664 --- [delivery-platform] [o-auto-1-exec-5] org.hibernate.SQL                        : 
    select
        u1_0.id,
        u1_0.avatar,
        u1_0.business_license,
        u1_0.created_at,
        u1_0.current_location,
        u1_0.email,
        u1_0.enabled,
        u1_0.id_card_number,
        u1_0.is_available,
        u1_0.merchant_address,
        u1_0.merchant_name,
        u1_0.name,
        u1_0.password,
        u1_0.phone_number,
        u1_0.role,
        u1_0.updated_at,
        u1_0.vehicle_number,
        u1_0.vehicle_type 
    from
        users u1_0 
    where
        u1_0.phone_number=?
Hibernate: 
    select
        u1_0.id,
        u1_0.avatar,
        u1_0.business_license,
        u1_0.created_at,
        u1_0.current_location,
        u1_0.email,
        u1_0.enabled,
        u1_0.id_card_number,
        u1_0.is_available,
        u1_0.merchant_address,
        u1_0.merchant_name,
        u1_0.name,
        u1_0.password,
        u1_0.phone_number,
        u1_0.role,
        u1_0.updated_at,
        u1_0.vehicle_number,
        u1_0.vehicle_type 
    from
        users u1_0 
    where
        u1_0.phone_number=?
2025-03-04T16:08:31.919+11:00 DEBUG 42664 --- [delivery-platform] [o-auto-1-exec-5] o.s.s.a.dao.DaoAuthenticationProvider    : Authenticated user
2025-03-04T16:08:31.926+11:00 DEBUG 42664 --- [delivery-platform] [o-auto-1-exec-2] o.s.security.web.FilterChainProxy        : Securing POST /api/auth/register
2025-03-04T16:08:31.927+11:00 DEBUG 42664 --- [delivery-platform] [o-auto-1-exec-2] o.s.s.w.a.AnonymousAuthenticationFilter  : Set SecurityContextHolder to anonymous SecurityContext
2025-03-04T16:08:31.927+11:00 DEBUG 42664 --- [delivery-platform] [o-auto-1-exec-2] o.s.security.web.FilterChainProxy        : Secured POST /api/auth/register
2025-03-04T16:08:31.930+11:00 DEBUG 42664 --- [delivery-platform] [o-auto-1-exec-2] org.hibernate.SQL                        : 
    select
        u1_0.id 
    from
        users u1_0 
    where
        u1_0.phone_number=? 
    fetch
        first ? rows only
Hibernate: 
    select
        u1_0.id 
    from
        users u1_0 
    where
        u1_0.phone_number=? 
    fetch
        first ? rows only
2025-03-04T16:08:32.013+11:00 DEBUG 42664 --- [delivery-platform] [o-auto-1-exec-2] org.hibernate.SQL                        : 
    insert 
    into
        users
        (avatar, business_license, created_at, current_location, email, enabled, id_card_number, is_available, merchant_address, merchant_name, name, password, phone_number, role, updated_at, vehicle_number, vehicle_type, id) 
    values
        (?, ?, ?, ?, ?, ?, ?, ?, ?, ?, ?, ?, ?, ?, ?, ?, ?, default)
Hibernate: 
    insert 
    into
        users
        (avatar, business_license, created_at, current_location, email, enabled, id_card_number, is_available, merchant_address, merchant_name, name, password, phone_number, role, updated_at, vehicle_number, vehicle_type, id) 
    values
        (?, ?, ?, ?, ?, ?, ?, ?, ?, ?, ?, ?, ?, ?, ?, ?, ?, default)
2025-03-04T16:08:32.017+11:00 DEBUG 42664 --- [delivery-platform] [o-auto-1-exec-2] org.hibernate.SQL                        : 
    select
        u1_0.id,
        u1_0.avatar,
        u1_0.business_license,
        u1_0.created_at,
        u1_0.current_location,
        u1_0.email,
        u1_0.enabled,
        u1_0.id_card_number,
        u1_0.is_available,
        u1_0.merchant_address,
        u1_0.merchant_name,
        u1_0.name,
        u1_0.password,
        u1_0.phone_number,
        u1_0.role,
        u1_0.updated_at,
        u1_0.vehicle_number,
        u1_0.vehicle_type 
    from
        users u1_0 
    where
        u1_0.phone_number=?
Hibernate: 
    select
        u1_0.id,
        u1_0.avatar,
        u1_0.business_license,
        u1_0.created_at,
        u1_0.current_location,
        u1_0.email,
        u1_0.enabled,
        u1_0.id_card_number,
        u1_0.is_available,
        u1_0.merchant_address,
        u1_0.merchant_name,
        u1_0.name,
        u1_0.password,
        u1_0.phone_number,
        u1_0.role,
        u1_0.updated_at,
        u1_0.vehicle_number,
        u1_0.vehicle_type 
    from
        users u1_0 
    where
        u1_0.phone_number=?
2025-03-04T16:08:32.100+11:00 DEBUG 42664 --- [delivery-platform] [o-auto-1-exec-2] o.s.s.a.dao.DaoAuthenticationProvider    : Authenticated user
2025-03-04T16:08:32.106+11:00 DEBUG 42664 --- [delivery-platform] [o-auto-1-exec-6] o.s.security.web.FilterChainProxy        : Securing POST /api/auth/register
2025-03-04T16:08:32.106+11:00 DEBUG 42664 --- [delivery-platform] [o-auto-1-exec-6] o.s.s.w.a.AnonymousAuthenticationFilter  : Set SecurityContextHolder to anonymous SecurityContext
2025-03-04T16:08:32.107+11:00 DEBUG 42664 --- [delivery-platform] [o-auto-1-exec-6] o.s.security.web.FilterChainProxy        : Secured POST /api/auth/register
2025-03-04T16:08:32.109+11:00 DEBUG 42664 --- [delivery-platform] [o-auto-1-exec-6] org.hibernate.SQL                        : 
    select
        u1_0.id 
    from
        users u1_0 
    where
        u1_0.phone_number=? 
    fetch
        first ? rows only
Hibernate: 
    select
        u1_0.id 
    from
        users u1_0 
    where
        u1_0.phone_number=? 
    fetch
        first ? rows only
2025-03-04T16:08:32.191+11:00 DEBUG 42664 --- [delivery-platform] [o-auto-1-exec-6] org.hibernate.SQL                        : 
    insert 
    into
        users
        (avatar, business_license, created_at, current_location, email, enabled, id_card_number, is_available, merchant_address, merchant_name, name, password, phone_number, role, updated_at, vehicle_number, vehicle_type, id) 
    values
        (?, ?, ?, ?, ?, ?, ?, ?, ?, ?, ?, ?, ?, ?, ?, ?, ?, default)
Hibernate: 
    insert 
    into
        users
        (avatar, business_license, created_at, current_location, email, enabled, id_card_number, is_available, merchant_address, merchant_name, name, password, phone_number, role, updated_at, vehicle_number, vehicle_type, id) 
    values
        (?, ?, ?, ?, ?, ?, ?, ?, ?, ?, ?, ?, ?, ?, ?, ?, ?, default)
2025-03-04T16:08:32.194+11:00 DEBUG 42664 --- [delivery-platform] [o-auto-1-exec-6] org.hibernate.SQL                        : 
    select
        u1_0.id,
        u1_0.avatar,
        u1_0.business_license,
        u1_0.created_at,
        u1_0.current_location,
        u1_0.email,
        u1_0.enabled,
        u1_0.id_card_number,
        u1_0.is_available,
        u1_0.merchant_address,
        u1_0.merchant_name,
        u1_0.name,
        u1_0.password,
        u1_0.phone_number,
        u1_0.role,
        u1_0.updated_at,
        u1_0.vehicle_number,
        u1_0.vehicle_type 
    from
        users u1_0 
    where
        u1_0.phone_number=?
Hibernate: 
    select
        u1_0.id,
        u1_0.avatar,
        u1_0.business_license,
        u1_0.created_at,
        u1_0.current_location,
        u1_0.email,
        u1_0.enabled,
        u1_0.id_card_number,
        u1_0.is_available,
        u1_0.merchant_address,
        u1_0.merchant_name,
        u1_0.name,
        u1_0.password,
        u1_0.phone_number,
        u1_0.role,
        u1_0.updated_at,
        u1_0.vehicle_number,
        u1_0.vehicle_type 
    from
        users u1_0 
    where
        u1_0.phone_number=?
2025-03-04T16:08:32.277+11:00 DEBUG 42664 --- [delivery-platform] [o-auto-1-exec-6] o.s.s.a.dao.DaoAuthenticationProvider    : Authenticated user
2025-03-04T16:08:32.282+11:00 DEBUG 42664 --- [delivery-platform] [o-auto-1-exec-8] o.s.security.web.FilterChainProxy        : Securing POST /api/auth/register
2025-03-04T16:08:32.282+11:00 DEBUG 42664 --- [delivery-platform] [o-auto-1-exec-8] o.s.s.w.a.AnonymousAuthenticationFilter  : Set SecurityContextHolder to anonymous SecurityContext
2025-03-04T16:08:32.283+11:00 DEBUG 42664 --- [delivery-platform] [o-auto-1-exec-8] o.s.security.web.FilterChainProxy        : Secured POST /api/auth/register
2025-03-04T16:08:32.286+11:00 DEBUG 42664 --- [delivery-platform] [o-auto-1-exec-8] org.hibernate.SQL                        : 
    select
        u1_0.id 
    from
        users u1_0 
    where
        u1_0.phone_number=? 
    fetch
        first ? rows only
Hibernate: 
    select
        u1_0.id 
    from
        users u1_0 
    where
        u1_0.phone_number=? 
    fetch
        first ? rows only
2025-03-04T16:08:32.369+11:00 DEBUG 42664 --- [delivery-platform] [o-auto-1-exec-8] org.hibernate.SQL                        : 
    insert 
    into
        users
        (avatar, business_license, created_at, current_location, email, enabled, id_card_number, is_available, merchant_address, merchant_name, name, password, phone_number, role, updated_at, vehicle_number, vehicle_type, id) 
    values
        (?, ?, ?, ?, ?, ?, ?, ?, ?, ?, ?, ?, ?, ?, ?, ?, ?, default)
Hibernate: 
    insert 
    into
        users
        (avatar, business_license, created_at, current_location, email, enabled, id_card_number, is_available, merchant_address, merchant_name, name, password, phone_number, role, updated_at, vehicle_number, vehicle_type, id) 
    values
        (?, ?, ?, ?, ?, ?, ?, ?, ?, ?, ?, ?, ?, ?, ?, ?, ?, default)
2025-03-04T16:08:32.372+11:00 DEBUG 42664 --- [delivery-platform] [o-auto-1-exec-8] org.hibernate.SQL                        : 
    select
        u1_0.id,
        u1_0.avatar,
        u1_0.business_license,
        u1_0.created_at,
        u1_0.current_location,
        u1_0.email,
        u1_0.enabled,
        u1_0.id_card_number,
        u1_0.is_available,
        u1_0.merchant_address,
        u1_0.merchant_name,
        u1_0.name,
        u1_0.password,
        u1_0.phone_number,
        u1_0.role,
        u1_0.updated_at,
        u1_0.vehicle_number,
        u1_0.vehicle_type 
    from
        users u1_0 
    where
        u1_0.phone_number=?
Hibernate: 
    select
        u1_0.id,
        u1_0.avatar,
        u1_0.business_license,
        u1_0.created_at,
        u1_0.current_location,
        u1_0.email,
        u1_0.enabled,
        u1_0.id_card_number,
        u1_0.is_available,
        u1_0.merchant_address,
        u1_0.merchant_name,
        u1_0.name,
        u1_0.password,
        u1_0.phone_number,
        u1_0.role,
        u1_0.updated_at,
        u1_0.vehicle_number,
        u1_0.vehicle_type 
    from
        users u1_0 
    where
        u1_0.phone_number=?
2025-03-04T16:08:32.455+11:00 DEBUG 42664 --- [delivery-platform] [o-auto-1-exec-8] o.s.s.a.dao.DaoAuthenticationProvider    : Authenticated user
2025-03-04T16:08:32.462+11:00 DEBUG 42664 --- [delivery-platform] [o-auto-1-exec-7] o.s.security.web.FilterChainProxy        : Securing POST /api/auth/register
2025-03-04T16:08:32.462+11:00 DEBUG 42664 --- [delivery-platform] [o-auto-1-exec-7] o.s.s.w.a.AnonymousAuthenticationFilter  : Set SecurityContextHolder to anonymous SecurityContext
2025-03-04T16:08:32.462+11:00 DEBUG 42664 --- [delivery-platform] [o-auto-1-exec-7] o.s.security.web.FilterChainProxy        : Secured POST /api/auth/register
2025-03-04T16:08:32.466+11:00 DEBUG 42664 --- [delivery-platform] [o-auto-1-exec-7] org.hibernate.SQL                        : 
    select
        u1_0.id 
    from
        users u1_0 
    where
        u1_0.phone_number=? 
    fetch
        first ? rows only
Hibernate: 
    select
        u1_0.id 
    from
        users u1_0 
    where
        u1_0.phone_number=? 
    fetch
        first ? rows only
2025-03-04T16:08:32.549+11:00 DEBUG 42664 --- [delivery-platform] [o-auto-1-exec-7] org.hibernate.SQL                        : 
    insert 
    into
        users
        (avatar, business_license, created_at, current_location, email, enabled, id_card_number, is_available, merchant_address, merchant_name, name, password, phone_number, role, updated_at, vehicle_number, vehicle_type, id) 
    values
        (?, ?, ?, ?, ?, ?, ?, ?, ?, ?, ?, ?, ?, ?, ?, ?, ?, default)
Hibernate: 
    insert 
    into
        users
        (avatar, business_license, created_at, current_location, email, enabled, id_card_number, is_available, merchant_address, merchant_name, name, password, phone_number, role, updated_at, vehicle_number, vehicle_type, id) 
    values
        (?, ?, ?, ?, ?, ?, ?, ?, ?, ?, ?, ?, ?, ?, ?, ?, ?, default)
2025-03-04T16:08:32.553+11:00 DEBUG 42664 --- [delivery-platform] [o-auto-1-exec-7] org.hibernate.SQL                        : 
    select
        u1_0.id,
        u1_0.avatar,
        u1_0.business_license,
        u1_0.created_at,
        u1_0.current_location,
        u1_0.email,
        u1_0.enabled,
        u1_0.id_card_number,
        u1_0.is_available,
        u1_0.merchant_address,
        u1_0.merchant_name,
        u1_0.name,
        u1_0.password,
        u1_0.phone_number,
        u1_0.role,
        u1_0.updated_at,
        u1_0.vehicle_number,
        u1_0.vehicle_type 
    from
        users u1_0 
    where
        u1_0.phone_number=?
Hibernate: 
    select
        u1_0.id,
        u1_0.avatar,
        u1_0.business_license,
        u1_0.created_at,
        u1_0.current_location,
        u1_0.email,
        u1_0.enabled,
        u1_0.id_card_number,
        u1_0.is_available,
        u1_0.merchant_address,
        u1_0.merchant_name,
        u1_0.name,
        u1_0.password,
        u1_0.phone_number,
        u1_0.role,
        u1_0.updated_at,
        u1_0.vehicle_number,
        u1_0.vehicle_type 
    from
        users u1_0 
    where
        u1_0.phone_number=?
2025-03-04T16:08:32.635+11:00 DEBUG 42664 --- [delivery-platform] [o-auto-1-exec-7] o.s.s.a.dao.DaoAuthenticationProvider    : Authenticated user
]]></system-out>
  </testcase>
  <testcase name="testInvalidPhoneNumbers" classname="com.delivery.controller.AuthControllerHttpTest" time="0.055">
    <system-out><![CDATA[2025-03-04T16:08:32.654+11:00 DEBUG 42664 --- [delivery-platform] [o-auto-1-exec-9] o.s.security.web.FilterChainProxy        : Securing POST /api/auth/register
2025-03-04T16:08:32.654+11:00 DEBUG 42664 --- [delivery-platform] [o-auto-1-exec-9] o.s.s.w.a.AnonymousAuthenticationFilter  : Set SecurityContextHolder to anonymous SecurityContext
2025-03-04T16:08:32.654+11:00 DEBUG 42664 --- [delivery-platform] [o-auto-1-exec-9] o.s.security.web.FilterChainProxy        : Secured POST /api/auth/register
2025-03-04T16:08:32.658+11:00 DEBUG 42664 --- [delivery-platform] [o-auto-1-exec-9] com.delivery.util.PhoneNumberValidator   : Error parsing phone number 123: Missing or invalid default region.
2025-03-04T16:08:32.669+11:00 DEBUG 42664 --- [delivery-platform] [o-auto-1-exec-3] o.s.security.web.FilterChainProxy        : Securing POST /api/auth/register
2025-03-04T16:08:32.669+11:00 DEBUG 42664 --- [delivery-platform] [o-auto-1-exec-3] o.s.s.w.a.AnonymousAuthenticationFilter  : Set SecurityContextHolder to anonymous SecurityContext
2025-03-04T16:08:32.669+11:00 DEBUG 42664 --- [delivery-platform] [o-auto-1-exec-3] o.s.security.web.FilterChainProxy        : Secured POST /api/auth/register
2025-03-04T16:08:32.671+11:00 DEBUG 42664 --- [delivery-platform] [o-auto-1-exec-3] com.delivery.util.PhoneNumberValidator   : Error parsing phone number +12345678901234567890: The string supplied is too long to be a phone number.
2025-03-04T16:08:32.677+11:00 DEBUG 42664 --- [delivery-platform] [-auto-1-exec-10] o.s.security.web.FilterChainProxy        : Securing POST /api/auth/register
2025-03-04T16:08:32.677+11:00 DEBUG 42664 --- [delivery-platform] [-auto-1-exec-10] o.s.s.w.a.AnonymousAuthenticationFilter  : Set SecurityContextHolder to anonymous SecurityContext
2025-03-04T16:08:32.677+11:00 DEBUG 42664 --- [delivery-platform] [-auto-1-exec-10] o.s.security.web.FilterChainProxy        : Secured POST /api/auth/register
2025-03-04T16:08:32.679+11:00 DEBUG 42664 --- [delivery-platform] [-auto-1-exec-10] com.delivery.util.PhoneNumberValidator   : Phone number +6141234567a is not valid according to libphonenumber
2025-03-04T16:08:32.684+11:00 DEBUG 42664 --- [delivery-platform] [o-auto-1-exec-1] o.s.security.web.FilterChainProxy        : Securing POST /api/auth/register
2025-03-04T16:08:32.684+11:00 DEBUG 42664 --- [delivery-platform] [o-auto-1-exec-1] o.s.s.w.a.AnonymousAuthenticationFilter  : Set SecurityContextHolder to anonymous SecurityContext
2025-03-04T16:08:32.684+11:00 DEBUG 42664 --- [delivery-platform] [o-auto-1-exec-1] o.s.security.web.FilterChainProxy        : Secured POST /api/auth/register
2025-03-04T16:08:32.698+11:00 DEBUG 42664 --- [delivery-platform] [o-auto-1-exec-4] o.s.security.web.FilterChainProxy        : Securing POST /api/auth/register
2025-03-04T16:08:32.699+11:00 DEBUG 42664 --- [delivery-platform] [o-auto-1-exec-4] o.s.s.w.a.AnonymousAuthenticationFilter  : Set SecurityContextHolder to anonymous SecurityContext
2025-03-04T16:08:32.699+11:00 DEBUG 42664 --- [delivery-platform] [o-auto-1-exec-4] o.s.security.web.FilterChainProxy        : Secured POST /api/auth/register
]]></system-out>
  </testcase>
  <testcase name="testLoginWithGlobalPhoneNumbers" classname="com.delivery.controller.AuthControllerHttpTest" time="0.73">
    <system-out><![CDATA[2025-03-04T16:08:32.708+11:00 DEBUG 42664 --- [delivery-platform] [o-auto-1-exec-5] o.s.security.web.FilterChainProxy        : Securing POST /api/auth/register
2025-03-04T16:08:32.710+11:00 DEBUG 42664 --- [delivery-platform] [o-auto-1-exec-5] o.s.s.w.a.AnonymousAuthenticationFilter  : Set SecurityContextHolder to anonymous SecurityContext
2025-03-04T16:08:32.710+11:00 DEBUG 42664 --- [delivery-platform] [o-auto-1-exec-5] o.s.security.web.FilterChainProxy        : Secured POST /api/auth/register
2025-03-04T16:08:32.713+11:00 DEBUG 42664 --- [delivery-platform] [o-auto-1-exec-5] org.hibernate.SQL                        : 
    select
        u1_0.id 
    from
        users u1_0 
    where
        u1_0.phone_number=? 
    fetch
        first ? rows only
Hibernate: 
    select
        u1_0.id 
    from
        users u1_0 
    where
        u1_0.phone_number=? 
    fetch
        first ? rows only
2025-03-04T16:08:32.720+11:00 DEBUG 42664 --- [delivery-platform] [o-auto-1-exec-2] o.s.security.web.FilterChainProxy        : Securing POST /api/auth/login
2025-03-04T16:08:32.720+11:00 DEBUG 42664 --- [delivery-platform] [o-auto-1-exec-2] o.s.s.w.a.AnonymousAuthenticationFilter  : Set SecurityContextHolder to anonymous SecurityContext
2025-03-04T16:08:32.721+11:00 DEBUG 42664 --- [delivery-platform] [o-auto-1-exec-2] o.s.security.web.FilterChainProxy        : Secured POST /api/auth/login
2025-03-04T16:08:32.726+11:00 DEBUG 42664 --- [delivery-platform] [o-auto-1-exec-2] org.hibernate.SQL                        : 
    select
        u1_0.id,
        u1_0.avatar,
        u1_0.business_license,
        u1_0.created_at,
        u1_0.current_location,
        u1_0.email,
        u1_0.enabled,
        u1_0.id_card_number,
        u1_0.is_available,
        u1_0.merchant_address,
        u1_0.merchant_name,
        u1_0.name,
        u1_0.password,
        u1_0.phone_number,
        u1_0.role,
        u1_0.updated_at,
        u1_0.vehicle_number,
        u1_0.vehicle_type 
    from
        users u1_0 
    where
        u1_0.phone_number=?
Hibernate: 
    select
        u1_0.id,
        u1_0.avatar,
        u1_0.business_license,
        u1_0.created_at,
        u1_0.current_location,
        u1_0.email,
        u1_0.enabled,
        u1_0.id_card_number,
        u1_0.is_available,
        u1_0.merchant_address,
        u1_0.merchant_name,
        u1_0.name,
        u1_0.password,
        u1_0.phone_number,
        u1_0.role,
        u1_0.updated_at,
        u1_0.vehicle_number,
        u1_0.vehicle_type 
    from
        users u1_0 
    where
        u1_0.phone_number=?
2025-03-04T16:08:32.810+11:00 DEBUG 42664 --- [delivery-platform] [o-auto-1-exec-2] o.s.s.a.dao.DaoAuthenticationProvider    : Authenticated user
2025-03-04T16:08:32.812+11:00 DEBUG 42664 --- [delivery-platform] [o-auto-1-exec-2] org.hibernate.SQL                        : 
    select
        u1_0.id,
        u1_0.avatar,
        u1_0.business_license,
        u1_0.created_at,
        u1_0.current_location,
        u1_0.email,
        u1_0.enabled,
        u1_0.id_card_number,
        u1_0.is_available,
        u1_0.merchant_address,
        u1_0.merchant_name,
        u1_0.name,
        u1_0.password,
        u1_0.phone_number,
        u1_0.role,
        u1_0.updated_at,
        u1_0.vehicle_number,
        u1_0.vehicle_type 
    from
        users u1_0 
    where
        u1_0.phone_number=?
Hibernate: 
    select
        u1_0.id,
        u1_0.avatar,
        u1_0.business_license,
        u1_0.created_at,
        u1_0.current_location,
        u1_0.email,
        u1_0.enabled,
        u1_0.id_card_number,
        u1_0.is_available,
        u1_0.merchant_address,
        u1_0.merchant_name,
        u1_0.name,
        u1_0.password,
        u1_0.phone_number,
        u1_0.role,
        u1_0.updated_at,
        u1_0.vehicle_number,
        u1_0.vehicle_type 
    from
        users u1_0 
    where
        u1_0.phone_number=?
2025-03-04T16:08:32.817+11:00 DEBUG 42664 --- [delivery-platform] [o-auto-1-exec-6] o.s.security.web.FilterChainProxy        : Securing POST /api/auth/register
2025-03-04T16:08:32.819+11:00 DEBUG 42664 --- [delivery-platform] [o-auto-1-exec-6] o.s.s.w.a.AnonymousAuthenticationFilter  : Set SecurityContextHolder to anonymous SecurityContext
2025-03-04T16:08:32.819+11:00 DEBUG 42664 --- [delivery-platform] [o-auto-1-exec-6] o.s.security.web.FilterChainProxy        : Secured POST /api/auth/register
2025-03-04T16:08:32.821+11:00 DEBUG 42664 --- [delivery-platform] [o-auto-1-exec-6] org.hibernate.SQL                        : 
    select
        u1_0.id 
    from
        users u1_0 
    where
        u1_0.phone_number=? 
    fetch
        first ? rows only
Hibernate: 
    select
        u1_0.id 
    from
        users u1_0 
    where
        u1_0.phone_number=? 
    fetch
        first ? rows only
2025-03-04T16:08:32.825+11:00 DEBUG 42664 --- [delivery-platform] [o-auto-1-exec-8] o.s.security.web.FilterChainProxy        : Securing POST /api/auth/login
2025-03-04T16:08:32.826+11:00 DEBUG 42664 --- [delivery-platform] [o-auto-1-exec-8] o.s.s.w.a.AnonymousAuthenticationFilter  : Set SecurityContextHolder to anonymous SecurityContext
2025-03-04T16:08:32.826+11:00 DEBUG 42664 --- [delivery-platform] [o-auto-1-exec-8] o.s.security.web.FilterChainProxy        : Secured POST /api/auth/login
2025-03-04T16:08:32.829+11:00 DEBUG 42664 --- [delivery-platform] [o-auto-1-exec-8] org.hibernate.SQL                        : 
    select
        u1_0.id,
        u1_0.avatar,
        u1_0.business_license,
        u1_0.created_at,
        u1_0.current_location,
        u1_0.email,
        u1_0.enabled,
        u1_0.id_card_number,
        u1_0.is_available,
        u1_0.merchant_address,
        u1_0.merchant_name,
        u1_0.name,
        u1_0.password,
        u1_0.phone_number,
        u1_0.role,
        u1_0.updated_at,
        u1_0.vehicle_number,
        u1_0.vehicle_type 
    from
        users u1_0 
    where
        u1_0.phone_number=?
Hibernate: 
    select
        u1_0.id,
        u1_0.avatar,
        u1_0.business_license,
        u1_0.created_at,
        u1_0.current_location,
        u1_0.email,
        u1_0.enabled,
        u1_0.id_card_number,
        u1_0.is_available,
        u1_0.merchant_address,
        u1_0.merchant_name,
        u1_0.name,
        u1_0.password,
        u1_0.phone_number,
        u1_0.role,
        u1_0.updated_at,
        u1_0.vehicle_number,
        u1_0.vehicle_type 
    from
        users u1_0 
    where
        u1_0.phone_number=?
2025-03-04T16:08:32.911+11:00 DEBUG 42664 --- [delivery-platform] [o-auto-1-exec-8] o.s.s.a.dao.DaoAuthenticationProvider    : Authenticated user
2025-03-04T16:08:32.919+11:00 DEBUG 42664 --- [delivery-platform] [o-auto-1-exec-8] org.hibernate.SQL                        : 
    select
        u1_0.id,
        u1_0.avatar,
        u1_0.business_license,
        u1_0.created_at,
        u1_0.current_location,
        u1_0.email,
        u1_0.enabled,
        u1_0.id_card_number,
        u1_0.is_available,
        u1_0.merchant_address,
        u1_0.merchant_name,
        u1_0.name,
        u1_0.password,
        u1_0.phone_number,
        u1_0.role,
        u1_0.updated_at,
        u1_0.vehicle_number,
        u1_0.vehicle_type 
    from
        users u1_0 
    where
        u1_0.phone_number=?
Hibernate: 
    select
        u1_0.id,
        u1_0.avatar,
        u1_0.business_license,
        u1_0.created_at,
        u1_0.current_location,
        u1_0.email,
        u1_0.enabled,
        u1_0.id_card_number,
        u1_0.is_available,
        u1_0.merchant_address,
        u1_0.merchant_name,
        u1_0.name,
        u1_0.password,
        u1_0.phone_number,
        u1_0.role,
        u1_0.updated_at,
        u1_0.vehicle_number,
        u1_0.vehicle_type 
    from
        users u1_0 
    where
        u1_0.phone_number=?
2025-03-04T16:08:32.925+11:00 DEBUG 42664 --- [delivery-platform] [o-auto-1-exec-7] o.s.security.web.FilterChainProxy        : Securing POST /api/auth/register
2025-03-04T16:08:32.925+11:00 DEBUG 42664 --- [delivery-platform] [o-auto-1-exec-7] o.s.s.w.a.AnonymousAuthenticationFilter  : Set SecurityContextHolder to anonymous SecurityContext
2025-03-04T16:08:32.925+11:00 DEBUG 42664 --- [delivery-platform] [o-auto-1-exec-7] o.s.security.web.FilterChainProxy        : Secured POST /api/auth/register
2025-03-04T16:08:32.928+11:00 DEBUG 42664 --- [delivery-platform] [o-auto-1-exec-7] org.hibernate.SQL                        : 
    select
        u1_0.id 
    from
        users u1_0 
    where
        u1_0.phone_number=? 
    fetch
        first ? rows only
Hibernate: 
    select
        u1_0.id 
    from
        users u1_0 
    where
        u1_0.phone_number=? 
    fetch
        first ? rows only
2025-03-04T16:08:32.932+11:00 DEBUG 42664 --- [delivery-platform] [o-auto-1-exec-9] o.s.security.web.FilterChainProxy        : Securing POST /api/auth/login
2025-03-04T16:08:32.933+11:00 DEBUG 42664 --- [delivery-platform] [o-auto-1-exec-9] o.s.s.w.a.AnonymousAuthenticationFilter  : Set SecurityContextHolder to anonymous SecurityContext
2025-03-04T16:08:32.933+11:00 DEBUG 42664 --- [delivery-platform] [o-auto-1-exec-9] o.s.security.web.FilterChainProxy        : Secured POST /api/auth/login
2025-03-04T16:08:32.936+11:00 DEBUG 42664 --- [delivery-platform] [o-auto-1-exec-9] org.hibernate.SQL                        : 
    select
        u1_0.id,
        u1_0.avatar,
        u1_0.business_license,
        u1_0.created_at,
        u1_0.current_location,
        u1_0.email,
        u1_0.enabled,
        u1_0.id_card_number,
        u1_0.is_available,
        u1_0.merchant_address,
        u1_0.merchant_name,
        u1_0.name,
        u1_0.password,
        u1_0.phone_number,
        u1_0.role,
        u1_0.updated_at,
        u1_0.vehicle_number,
        u1_0.vehicle_type 
    from
        users u1_0 
    where
        u1_0.phone_number=?
Hibernate: 
    select
        u1_0.id,
        u1_0.avatar,
        u1_0.business_license,
        u1_0.created_at,
        u1_0.current_location,
        u1_0.email,
        u1_0.enabled,
        u1_0.id_card_number,
        u1_0.is_available,
        u1_0.merchant_address,
        u1_0.merchant_name,
        u1_0.name,
        u1_0.password,
        u1_0.phone_number,
        u1_0.role,
        u1_0.updated_at,
        u1_0.vehicle_number,
        u1_0.vehicle_type 
    from
        users u1_0 
    where
        u1_0.phone_number=?
2025-03-04T16:08:33.016+11:00 DEBUG 42664 --- [delivery-platform] [o-auto-1-exec-9] o.s.s.a.dao.DaoAuthenticationProvider    : Authenticated user
2025-03-04T16:08:33.020+11:00 DEBUG 42664 --- [delivery-platform] [o-auto-1-exec-9] org.hibernate.SQL                        : 
    select
        u1_0.id,
        u1_0.avatar,
        u1_0.business_license,
        u1_0.created_at,
        u1_0.current_location,
        u1_0.email,
        u1_0.enabled,
        u1_0.id_card_number,
        u1_0.is_available,
        u1_0.merchant_address,
        u1_0.merchant_name,
        u1_0.name,
        u1_0.password,
        u1_0.phone_number,
        u1_0.role,
        u1_0.updated_at,
        u1_0.vehicle_number,
        u1_0.vehicle_type 
    from
        users u1_0 
    where
        u1_0.phone_number=?
Hibernate: 
    select
        u1_0.id,
        u1_0.avatar,
        u1_0.business_license,
        u1_0.created_at,
        u1_0.current_location,
        u1_0.email,
        u1_0.enabled,
        u1_0.id_card_number,
        u1_0.is_available,
        u1_0.merchant_address,
        u1_0.merchant_name,
        u1_0.name,
        u1_0.password,
        u1_0.phone_number,
        u1_0.role,
        u1_0.updated_at,
        u1_0.vehicle_number,
        u1_0.vehicle_type 
    from
        users u1_0 
    where
        u1_0.phone_number=?
2025-03-04T16:08:33.029+11:00 DEBUG 42664 --- [delivery-platform] [o-auto-1-exec-3] o.s.security.web.FilterChainProxy        : Securing POST /api/auth/register
2025-03-04T16:08:33.029+11:00 DEBUG 42664 --- [delivery-platform] [o-auto-1-exec-3] o.s.s.w.a.AnonymousAuthenticationFilter  : Set SecurityContextHolder to anonymous SecurityContext
2025-03-04T16:08:33.029+11:00 DEBUG 42664 --- [delivery-platform] [o-auto-1-exec-3] o.s.security.web.FilterChainProxy        : Secured POST /api/auth/register
2025-03-04T16:08:33.033+11:00 DEBUG 42664 --- [delivery-platform] [o-auto-1-exec-3] org.hibernate.SQL                        : 
    select
        u1_0.id 
    from
        users u1_0 
    where
        u1_0.phone_number=? 
    fetch
        first ? rows only
Hibernate: 
    select
        u1_0.id 
    from
        users u1_0 
    where
        u1_0.phone_number=? 
    fetch
        first ? rows only
2025-03-04T16:08:33.039+11:00 DEBUG 42664 --- [delivery-platform] [-auto-1-exec-10] o.s.security.web.FilterChainProxy        : Securing POST /api/auth/login
2025-03-04T16:08:33.039+11:00 DEBUG 42664 --- [delivery-platform] [-auto-1-exec-10] o.s.s.w.a.AnonymousAuthenticationFilter  : Set SecurityContextHolder to anonymous SecurityContext
2025-03-04T16:08:33.039+11:00 DEBUG 42664 --- [delivery-platform] [-auto-1-exec-10] o.s.security.web.FilterChainProxy        : Secured POST /api/auth/login
2025-03-04T16:08:33.043+11:00 DEBUG 42664 --- [delivery-platform] [-auto-1-exec-10] org.hibernate.SQL                        : 
    select
        u1_0.id,
        u1_0.avatar,
        u1_0.business_license,
        u1_0.created_at,
        u1_0.current_location,
        u1_0.email,
        u1_0.enabled,
        u1_0.id_card_number,
        u1_0.is_available,
        u1_0.merchant_address,
        u1_0.merchant_name,
        u1_0.name,
        u1_0.password,
        u1_0.phone_number,
        u1_0.role,
        u1_0.updated_at,
        u1_0.vehicle_number,
        u1_0.vehicle_type 
    from
        users u1_0 
    where
        u1_0.phone_number=?
Hibernate: 
    select
        u1_0.id,
        u1_0.avatar,
        u1_0.business_license,
        u1_0.created_at,
        u1_0.current_location,
        u1_0.email,
        u1_0.enabled,
        u1_0.id_card_number,
        u1_0.is_available,
        u1_0.merchant_address,
        u1_0.merchant_name,
        u1_0.name,
        u1_0.password,
        u1_0.phone_number,
        u1_0.role,
        u1_0.updated_at,
        u1_0.vehicle_number,
        u1_0.vehicle_type 
    from
        users u1_0 
    where
        u1_0.phone_number=?
2025-03-04T16:08:33.125+11:00 DEBUG 42664 --- [delivery-platform] [-auto-1-exec-10] o.s.s.a.dao.DaoAuthenticationProvider    : Authenticated user
2025-03-04T16:08:33.127+11:00 DEBUG 42664 --- [delivery-platform] [-auto-1-exec-10] org.hibernate.SQL                        : 
    select
        u1_0.id,
        u1_0.avatar,
        u1_0.business_license,
        u1_0.created_at,
        u1_0.current_location,
        u1_0.email,
        u1_0.enabled,
        u1_0.id_card_number,
        u1_0.is_available,
        u1_0.merchant_address,
        u1_0.merchant_name,
        u1_0.name,
        u1_0.password,
        u1_0.phone_number,
        u1_0.role,
        u1_0.updated_at,
        u1_0.vehicle_number,
        u1_0.vehicle_type 
    from
        users u1_0 
    where
        u1_0.phone_number=?
Hibernate: 
    select
        u1_0.id,
        u1_0.avatar,
        u1_0.business_license,
        u1_0.created_at,
        u1_0.current_location,
        u1_0.email,
        u1_0.enabled,
        u1_0.id_card_number,
        u1_0.is_available,
        u1_0.merchant_address,
        u1_0.merchant_name,
        u1_0.name,
        u1_0.password,
        u1_0.phone_number,
        u1_0.role,
        u1_0.updated_at,
        u1_0.vehicle_number,
        u1_0.vehicle_type 
    from
        users u1_0 
    where
        u1_0.phone_number=?
2025-03-04T16:08:33.131+11:00 DEBUG 42664 --- [delivery-platform] [o-auto-1-exec-1] o.s.security.web.FilterChainProxy        : Securing POST /api/auth/register
2025-03-04T16:08:33.132+11:00 DEBUG 42664 --- [delivery-platform] [o-auto-1-exec-1] o.s.s.w.a.AnonymousAuthenticationFilter  : Set SecurityContextHolder to anonymous SecurityContext
2025-03-04T16:08:33.132+11:00 DEBUG 42664 --- [delivery-platform] [o-auto-1-exec-1] o.s.security.web.FilterChainProxy        : Secured POST /api/auth/register
2025-03-04T16:08:33.134+11:00 DEBUG 42664 --- [delivery-platform] [o-auto-1-exec-1] org.hibernate.SQL                        : 
    select
        u1_0.id 
    from
        users u1_0 
    where
        u1_0.phone_number=? 
    fetch
        first ? rows only
Hibernate: 
    select
        u1_0.id 
    from
        users u1_0 
    where
        u1_0.phone_number=? 
    fetch
        first ? rows only
2025-03-04T16:08:33.139+11:00 DEBUG 42664 --- [delivery-platform] [o-auto-1-exec-4] o.s.security.web.FilterChainProxy        : Securing POST /api/auth/login
2025-03-04T16:08:33.140+11:00 DEBUG 42664 --- [delivery-platform] [o-auto-1-exec-4] o.s.s.w.a.AnonymousAuthenticationFilter  : Set SecurityContextHolder to anonymous SecurityContext
2025-03-04T16:08:33.140+11:00 DEBUG 42664 --- [delivery-platform] [o-auto-1-exec-4] o.s.security.web.FilterChainProxy        : Secured POST /api/auth/login
2025-03-04T16:08:33.142+11:00 DEBUG 42664 --- [delivery-platform] [o-auto-1-exec-4] org.hibernate.SQL                        : 
    select
        u1_0.id,
        u1_0.avatar,
        u1_0.business_license,
        u1_0.created_at,
        u1_0.current_location,
        u1_0.email,
        u1_0.enabled,
        u1_0.id_card_number,
        u1_0.is_available,
        u1_0.merchant_address,
        u1_0.merchant_name,
        u1_0.name,
        u1_0.password,
        u1_0.phone_number,
        u1_0.role,
        u1_0.updated_at,
        u1_0.vehicle_number,
        u1_0.vehicle_type 
    from
        users u1_0 
    where
        u1_0.phone_number=?
Hibernate: 
    select
        u1_0.id,
        u1_0.avatar,
        u1_0.business_license,
        u1_0.created_at,
        u1_0.current_location,
        u1_0.email,
        u1_0.enabled,
        u1_0.id_card_number,
        u1_0.is_available,
        u1_0.merchant_address,
        u1_0.merchant_name,
        u1_0.name,
        u1_0.password,
        u1_0.phone_number,
        u1_0.role,
        u1_0.updated_at,
        u1_0.vehicle_number,
        u1_0.vehicle_type 
    from
        users u1_0 
    where
        u1_0.phone_number=?
2025-03-04T16:08:33.224+11:00 DEBUG 42664 --- [delivery-platform] [o-auto-1-exec-4] o.s.s.a.dao.DaoAuthenticationProvider    : Authenticated user
2025-03-04T16:08:33.225+11:00 DEBUG 42664 --- [delivery-platform] [o-auto-1-exec-4] org.hibernate.SQL                        : 
    select
        u1_0.id,
        u1_0.avatar,
        u1_0.business_license,
        u1_0.created_at,
        u1_0.current_location,
        u1_0.email,
        u1_0.enabled,
        u1_0.id_card_number,
        u1_0.is_available,
        u1_0.merchant_address,
        u1_0.merchant_name,
        u1_0.name,
        u1_0.password,
        u1_0.phone_number,
        u1_0.role,
        u1_0.updated_at,
        u1_0.vehicle_number,
        u1_0.vehicle_type 
    from
        users u1_0 
    where
        u1_0.phone_number=?
Hibernate: 
    select
        u1_0.id,
        u1_0.avatar,
        u1_0.business_license,
        u1_0.created_at,
        u1_0.current_location,
        u1_0.email,
        u1_0.enabled,
        u1_0.id_card_number,
        u1_0.is_available,
        u1_0.merchant_address,
        u1_0.merchant_name,
        u1_0.name,
        u1_0.password,
        u1_0.phone_number,
        u1_0.role,
        u1_0.updated_at,
        u1_0.vehicle_number,
        u1_0.vehicle_type 
    from
        users u1_0 
    where
        u1_0.phone_number=?
2025-03-04T16:08:33.231+11:00 DEBUG 42664 --- [delivery-platform] [o-auto-1-exec-5] o.s.security.web.FilterChainProxy        : Securing POST /api/auth/register
2025-03-04T16:08:33.231+11:00 DEBUG 42664 --- [delivery-platform] [o-auto-1-exec-5] o.s.s.w.a.AnonymousAuthenticationFilter  : Set SecurityContextHolder to anonymous SecurityContext
2025-03-04T16:08:33.231+11:00 DEBUG 42664 --- [delivery-platform] [o-auto-1-exec-5] o.s.security.web.FilterChainProxy        : Secured POST /api/auth/register
2025-03-04T16:08:33.233+11:00 DEBUG 42664 --- [delivery-platform] [o-auto-1-exec-5] org.hibernate.SQL                        : 
    select
        u1_0.id 
    from
        users u1_0 
    where
        u1_0.phone_number=? 
    fetch
        first ? rows only
Hibernate: 
    select
        u1_0.id 
    from
        users u1_0 
    where
        u1_0.phone_number=? 
    fetch
        first ? rows only
2025-03-04T16:08:33.238+11:00 DEBUG 42664 --- [delivery-platform] [o-auto-1-exec-2] o.s.security.web.FilterChainProxy        : Securing POST /api/auth/login
2025-03-04T16:08:33.238+11:00 DEBUG 42664 --- [delivery-platform] [o-auto-1-exec-2] o.s.s.w.a.AnonymousAuthenticationFilter  : Set SecurityContextHolder to anonymous SecurityContext
2025-03-04T16:08:33.238+11:00 DEBUG 42664 --- [delivery-platform] [o-auto-1-exec-2] o.s.security.web.FilterChainProxy        : Secured POST /api/auth/login
2025-03-04T16:08:33.240+11:00 DEBUG 42664 --- [delivery-platform] [o-auto-1-exec-2] org.hibernate.SQL                        : 
    select
        u1_0.id,
        u1_0.avatar,
        u1_0.business_license,
        u1_0.created_at,
        u1_0.current_location,
        u1_0.email,
        u1_0.enabled,
        u1_0.id_card_number,
        u1_0.is_available,
        u1_0.merchant_address,
        u1_0.merchant_name,
        u1_0.name,
        u1_0.password,
        u1_0.phone_number,
        u1_0.role,
        u1_0.updated_at,
        u1_0.vehicle_number,
        u1_0.vehicle_type 
    from
        users u1_0 
    where
        u1_0.phone_number=?
Hibernate: 
    select
        u1_0.id,
        u1_0.avatar,
        u1_0.business_license,
        u1_0.created_at,
        u1_0.current_location,
        u1_0.email,
        u1_0.enabled,
        u1_0.id_card_number,
        u1_0.is_available,
        u1_0.merchant_address,
        u1_0.merchant_name,
        u1_0.name,
        u1_0.password,
        u1_0.phone_number,
        u1_0.role,
        u1_0.updated_at,
        u1_0.vehicle_number,
        u1_0.vehicle_type 
    from
        users u1_0 
    where
        u1_0.phone_number=?
2025-03-04T16:08:33.325+11:00 DEBUG 42664 --- [delivery-platform] [o-auto-1-exec-2] o.s.s.a.dao.DaoAuthenticationProvider    : Authenticated user
2025-03-04T16:08:33.326+11:00 DEBUG 42664 --- [delivery-platform] [o-auto-1-exec-2] org.hibernate.SQL                        : 
    select
        u1_0.id,
        u1_0.avatar,
        u1_0.business_license,
        u1_0.created_at,
        u1_0.current_location,
        u1_0.email,
        u1_0.enabled,
        u1_0.id_card_number,
        u1_0.is_available,
        u1_0.merchant_address,
        u1_0.merchant_name,
        u1_0.name,
        u1_0.password,
        u1_0.phone_number,
        u1_0.role,
        u1_0.updated_at,
        u1_0.vehicle_number,
        u1_0.vehicle_type 
    from
        users u1_0 
    where
        u1_0.phone_number=?
Hibernate: 
    select
        u1_0.id,
        u1_0.avatar,
        u1_0.business_license,
        u1_0.created_at,
        u1_0.current_location,
        u1_0.email,
        u1_0.enabled,
        u1_0.id_card_number,
        u1_0.is_available,
        u1_0.merchant_address,
        u1_0.merchant_name,
        u1_0.name,
        u1_0.password,
        u1_0.phone_number,
        u1_0.role,
        u1_0.updated_at,
        u1_0.vehicle_number,
        u1_0.vehicle_type 
    from
        users u1_0 
    where
        u1_0.phone_number=?
2025-03-04T16:08:33.333+11:00 DEBUG 42664 --- [delivery-platform] [o-auto-1-exec-6] o.s.security.web.FilterChainProxy        : Securing POST /api/auth/register
2025-03-04T16:08:33.333+11:00 DEBUG 42664 --- [delivery-platform] [o-auto-1-exec-6] o.s.s.w.a.AnonymousAuthenticationFilter  : Set SecurityContextHolder to anonymous SecurityContext
2025-03-04T16:08:33.333+11:00 DEBUG 42664 --- [delivery-platform] [o-auto-1-exec-6] o.s.security.web.FilterChainProxy        : Secured POST /api/auth/register
2025-03-04T16:08:33.336+11:00 DEBUG 42664 --- [delivery-platform] [o-auto-1-exec-6] org.hibernate.SQL                        : 
    select
        u1_0.id 
    from
        users u1_0 
    where
        u1_0.phone_number=? 
    fetch
        first ? rows only
Hibernate: 
    select
        u1_0.id 
    from
        users u1_0 
    where
        u1_0.phone_number=? 
    fetch
        first ? rows only
2025-03-04T16:08:33.340+11:00 DEBUG 42664 --- [delivery-platform] [o-auto-1-exec-8] o.s.security.web.FilterChainProxy        : Securing POST /api/auth/login
2025-03-04T16:08:33.341+11:00 DEBUG 42664 --- [delivery-platform] [o-auto-1-exec-8] o.s.s.w.a.AnonymousAuthenticationFilter  : Set SecurityContextHolder to anonymous SecurityContext
2025-03-04T16:08:33.341+11:00 DEBUG 42664 --- [delivery-platform] [o-auto-1-exec-8] o.s.security.web.FilterChainProxy        : Secured POST /api/auth/login
2025-03-04T16:08:33.344+11:00 DEBUG 42664 --- [delivery-platform] [o-auto-1-exec-8] org.hibernate.SQL                        : 
    select
        u1_0.id,
        u1_0.avatar,
        u1_0.business_license,
        u1_0.created_at,
        u1_0.current_location,
        u1_0.email,
        u1_0.enabled,
        u1_0.id_card_number,
        u1_0.is_available,
        u1_0.merchant_address,
        u1_0.merchant_name,
        u1_0.name,
        u1_0.password,
        u1_0.phone_number,
        u1_0.role,
        u1_0.updated_at,
        u1_0.vehicle_number,
        u1_0.vehicle_type 
    from
        users u1_0 
    where
        u1_0.phone_number=?
Hibernate: 
    select
        u1_0.id,
        u1_0.avatar,
        u1_0.business_license,
        u1_0.created_at,
        u1_0.current_location,
        u1_0.email,
        u1_0.enabled,
        u1_0.id_card_number,
        u1_0.is_available,
        u1_0.merchant_address,
        u1_0.merchant_name,
        u1_0.name,
        u1_0.password,
        u1_0.phone_number,
        u1_0.role,
        u1_0.updated_at,
        u1_0.vehicle_number,
        u1_0.vehicle_type 
    from
        users u1_0 
    where
        u1_0.phone_number=?
2025-03-04T16:08:33.429+11:00 DEBUG 42664 --- [delivery-platform] [o-auto-1-exec-8] o.s.s.a.dao.DaoAuthenticationProvider    : Authenticated user
2025-03-04T16:08:33.430+11:00 DEBUG 42664 --- [delivery-platform] [o-auto-1-exec-8] org.hibernate.SQL                        : 
    select
        u1_0.id,
        u1_0.avatar,
        u1_0.business_license,
        u1_0.created_at,
        u1_0.current_location,
        u1_0.email,
        u1_0.enabled,
        u1_0.id_card_number,
        u1_0.is_available,
        u1_0.merchant_address,
        u1_0.merchant_name,
        u1_0.name,
        u1_0.password,
        u1_0.phone_number,
        u1_0.role,
        u1_0.updated_at,
        u1_0.vehicle_number,
        u1_0.vehicle_type 
    from
        users u1_0 
    where
        u1_0.phone_number=?
Hibernate: 
    select
        u1_0.id,
        u1_0.avatar,
        u1_0.business_license,
        u1_0.created_at,
        u1_0.current_location,
        u1_0.email,
        u1_0.enabled,
        u1_0.id_card_number,
        u1_0.is_available,
        u1_0.merchant_address,
        u1_0.merchant_name,
        u1_0.name,
        u1_0.password,
        u1_0.phone_number,
        u1_0.role,
        u1_0.updated_at,
        u1_0.vehicle_number,
        u1_0.vehicle_type 
    from
        users u1_0 
    where
        u1_0.phone_number=?
]]></system-out>
  </testcase>
</testsuite>